<?xml version="1.0" encoding="UTF-8"?>
<!-- Generated by org.testng.reporters.JUnitReportReporter -->
<testsuite hostname="IgNOrEs-iMac.local" failures="0" tests="1" name="testng.TestNGParametersDemo" time="0.005" errors="0" timestamp="2022-08-05T15:29:53 EEST" skipped="0">
  <testcase classname="testng.TestNGParametersDemo" name="test" time="0.005"/>
  <system-out/>
</testsuite> <!-- testng.TestNGParametersDemo -->
