<?xml version="1.0" encoding="UTF-8"?>
<!-- Generated by org.testng.reporters.JUnitReportReporter -->
<testsuite hostname="IgNOrEs-iMac.local" failures="0" tests="10" name="com.testautomationguru.container.test.SearchTest" time="0.000" errors="0" timestamp="19 Jul 2022 09:24:34 GMT" skipped="10">
  <testcase classname="com.testautomationguru.container.test.SearchTest" name="googleTest" time="0.000">
    <skipped/>
  </testcase> <!-- googleTest -->
  <testcase classname="com.testautomationguru.container.test.SearchTest" name="googleTest" time="0.000">
    <skipped/>
  </testcase> <!-- googleTest -->
  <testcase classname="com.testautomationguru.container.test.SearchTest" name="googleTest" time="0.000">
    <skipped/>
  </testcase> <!-- googleTest -->
  <testcase classname="com.testautomationguru.container.test.SearchTest" name="googleTest" time="0.000">
    <skipped/>
  </testcase> <!-- googleTest -->
  <testcase classname="com.testautomationguru.container.test.SearchTest" name="googleTest" time="0.000">
    <skipped/>
  </testcase> <!-- googleTest -->
  <testcase classname="com.testautomationguru.container.test.SearchTest" name="googleTest" time="0.000">
    <skipped/>
  </testcase> <!-- googleTest -->
  <testcase classname="com.testautomationguru.container.test.SearchTest" name="googleTest" time="0.000">
    <skipped/>
  </testcase> <!-- googleTest -->
  <testcase classname="com.testautomationguru.container.test.SearchTest" name="googleTest" time="0.000">
    <skipped/>
  </testcase> <!-- googleTest -->
  <testcase classname="com.testautomationguru.container.test.SearchTest" name="googleTest" time="0.000">
    <skipped/>
  </testcase> <!-- googleTest -->
  <testcase classname="com.testautomationguru.container.test.SearchTest" name="googleTest" time="0.000">
    <skipped/>
  </testcase> <!-- googleTest -->
</testsuite> <!-- com.testautomationguru.container.test.SearchTest -->
