<?xml version="1.0" encoding="UTF-8"?>
<!-- Generated by org.testng.reporters.JUnitReportReporter -->
<testsuite hostname="IgNOrEs-iMac.local" failures="0" tests="1" name="tests.TestProperties" time="5.091" errors="0" timestamp="2022-08-07T19:58:14 EEST" skipped="0">
  <testcase classname="tests.TestProperties" name="test123" time="5.091"/>
  <system-out>
    <![CDATA[
STARTED TESTING: tests.TestProperties.test123

About to begin executing following method : TestProperties.test123
Completed executing following method : TestProperties.test123

SUCCESSFULLY EXECUTED TEST: tests.TestProperties.test123


]]>
  </system-out>
</testsuite> <!-- tests.TestProperties -->
