<?xml version="1.0" encoding="UTF-8"?>
<testsuite xmlns:xsi="http://www.w3.org/2001/XMLSchema-instance" xsi:noNamespaceSchemaLocation="https://maven.apache.org/surefire/maven-surefire-plugin/xsd/surefire-test-report.xsd" name="TestSuite" time="7.402" tests="25" errors="0" skipped="24" failures="1">
  <properties>
    <property name="java.specification.version" value="18"/>
    <property name="sun.jnu.encoding" value="UTF-8"/>
    <property name="java.class.path" value="/usr/local/Cellar/maven/3.8.6/libexec/boot/plexus-classworlds-2.6.0.jar"/>
    <property name="java.vm.vendor" value="Homebrew"/>
    <property name="sun.arch.data.model" value="64"/>
    <property name="java.vendor.url" value="https://github.com/Homebrew/homebrew-core/issues"/>
    <property name="user.timezone" value="Europe/Kiev"/>
    <property name="maven.conf" value="/usr/local/Cellar/maven/3.8.6/libexec/conf"/>
    <property name="java.vm.specification.version" value="18"/>
    <property name="os.name" value="Mac OS X"/>
    <property name="sun.java.launcher" value="SUN_STANDARD"/>
    <property name="user.country" value="UA"/>
    <property name="sun.boot.library.path" value="/usr/local/Cellar/openjdk/18.0.1.1/libexec/openjdk.jdk/Contents/Home/lib"/>
    <property name="sun.java.command" value="org.codehaus.plexus.classworlds.launcher.Launcher clean package"/>
    <property name="http.nonProxyHosts" value="local|*.local|169.254/16|*.169.254/16"/>
    <property name="jdk.debug" value="release"/>
    <property name="maven.home" value="/usr/local/Cellar/maven/3.8.6/libexec"/>
    <property name="sun.cpu.endian" value="little"/>
    <property name="user.home" value="/Users/ignore"/>
    <property name="user.language" value="en"/>
    <property name="sun.stderr.encoding" value="UTF-8"/>
    <property name="java.specification.vendor" value="Oracle Corporation"/>
    <property name="java.version.date" value="2022-04-22"/>
    <property name="java.home" value="/usr/local/Cellar/openjdk/18.0.1.1/libexec/openjdk.jdk/Contents/Home"/>
    <property name="file.separator" value="/"/>
    <property name="java.vm.compressedOopsMode" value="Zero based"/>
    <property name="line.separator" value="&#10;"/>
    <property name="sun.stdout.encoding" value="UTF-8"/>
    <property name="java.vm.specification.vendor" value="Oracle Corporation"/>
    <property name="java.specification.name" value="Java Platform API Specification"/>
    <property name="apple.awt.application.name" value="Launcher"/>
    <property name="sun.management.compiler" value="HotSpot 64-Bit Tiered Compilers"/>
    <property name="ftp.nonProxyHosts" value="local|*.local|169.254/16|*.169.254/16"/>
    <property name="java.runtime.version" value="18.0.1.1+0"/>
    <property name="user.name" value="ignore"/>
    <property name="path.separator" value=":"/>
    <property name="os.version" value="10.15.7"/>
    <property name="java.runtime.name" value="OpenJDK Runtime Environment"/>
    <property name="file.encoding" value="UTF-8"/>
    <property name="guice.disable.misplaced.annotation.check" value="true"/>
    <property name="java.vm.name" value="OpenJDK 64-Bit Server VM"/>
    <property name="java.vendor.version" value="Homebrew"/>
    <property name="java.vendor.url.bug" value="https://github.com/Homebrew/homebrew-core/issues"/>
    <property name="java.io.tmpdir" value="/var/folders/0x/404db83n0l3f2zy_fzdv78440000gn/T/"/>
    <property name="java.version" value="18.0.1.1"/>
    <property name="user.dir" value="/Users/ignore/Documents/Selenium/56_untitled"/>
    <property name="os.arch" value="x86_64"/>
    <property name="maven.multiModuleProjectDirectory" value="/Users/ignore/Documents/Selenium/56_untitled"/>
    <property name="java.vm.specification.name" value="Java Virtual Machine Specification"/>
    <property name="native.encoding" value="UTF-8"/>
    <property name="java.library.path" value="/Users/ignore/Library/Java/Extensions:/Library/Java/Extensions:/Network/Library/Java/Extensions:/System/Library/Java/Extensions:/usr/lib/java:."/>
    <property name="java.vm.info" value="mixed mode, sharing"/>
    <property name="java.vendor" value="Homebrew"/>
    <property name="java.vm.version" value="18.0.1.1+0"/>
    <property name="classworlds.conf" value="/usr/local/Cellar/maven/3.8.6/libexec/bin/m2.conf"/>
    <property name="sun.io.unicode.encoding" value="UnicodeBig"/>
    <property name="library.jansi.path" value="/usr/local/Cellar/maven/3.8.6/libexec/lib/jansi-native"/>
    <property name="socksNonProxyHosts" value="local|*.local|169.254/16|*.169.254/16"/>
    <property name="java.class.version" value="62.0"/>
  </properties>
  <testcase name="setUp" classname="com.testautomationguru.container.test.OrderTest" time="2.174">
    <failure message="Cannot invoke &quot;String.equals(Object)&quot; because the return value of &quot;java.lang.System.getProperty(String)&quot; is null" type="java.lang.NullPointerException">java.lang.NullPointerException: Cannot invoke "String.equals(Object)" because the return value of "java.lang.System.getProperty(String)" is null
	at com.testautomationguru.container.test.OrderTest.setUp(OrderTest.java:20)
</failure>
  </testcase>
  <testcase name="setUp" classname="com.testautomationguru.container.test.OrderTest" time="0">
    <skipped/>
  </testcase>
  <testcase name="googleTest" classname="com.testautomationguru.container.test.OrderTest" time="0">
    <skipped message="Cannot invoke &quot;String.equals(Object)&quot; because the return value of &quot;java.lang.System.getProperty(String)&quot; is null"/>
  </testcase>
  <testcase name="googleTest" classname="com.testautomationguru.container.test.OrderTest" time="0">
    <skipped message="Cannot invoke &quot;String.equals(Object)&quot; because the return value of &quot;java.lang.System.getProperty(String)&quot; is null"/>
  </testcase>
  <testcase name="googleTest" classname="com.testautomationguru.container.test.OrderTest" time="0">
    <skipped message="Cannot invoke &quot;String.equals(Object)&quot; because the return value of &quot;java.lang.System.getProperty(String)&quot; is null"/>
  </testcase>
  <testcase name="googleTest" classname="com.testautomationguru.container.test.OrderTest" time="0">
    <skipped message="Cannot invoke &quot;String.equals(Object)&quot; because the return value of &quot;java.lang.System.getProperty(String)&quot; is null"/>
  </testcase>
  <testcase name="googleTest" classname="com.testautomationguru.container.test.OrderTest" time="0">
    <skipped message="Cannot invoke &quot;String.equals(Object)&quot; because the return value of &quot;java.lang.System.getProperty(String)&quot; is null"/>
  </testcase>
  <testcase name="googleTest" classname="com.testautomationguru.container.test.OrderTest" time="0">
    <skipped message="Cannot invoke &quot;String.equals(Object)&quot; because the return value of &quot;java.lang.System.getProperty(String)&quot; is null"/>
  </testcase>
  <testcase name="googleTest" classname="com.testautomationguru.container.test.OrderTest" time="0">
    <skipped message="Cannot invoke &quot;String.equals(Object)&quot; because the return value of &quot;java.lang.System.getProperty(String)&quot; is null"/>
  </testcase>
  <testcase name="googleTest" classname="com.testautomationguru.container.test.OrderTest" time="0">
    <skipped message="Cannot invoke &quot;String.equals(Object)&quot; because the return value of &quot;java.lang.System.getProperty(String)&quot; is null"/>
  </testcase>
  <testcase name="googleTest" classname="com.testautomationguru.container.test.OrderTest" time="0">
    <skipped message="Cannot invoke &quot;String.equals(Object)&quot; because the return value of &quot;java.lang.System.getProperty(String)&quot; is null"/>
  </testcase>
  <testcase name="googleTest" classname="com.testautomationguru.container.test.OrderTest" time="0">
    <skipped message="Cannot invoke &quot;String.equals(Object)&quot; because the return value of &quot;java.lang.System.getProperty(String)&quot; is null"/>
  </testcase>
  <testcase name="googleTest" classname="com.testautomationguru.container.test.OrderTest" time="0">
    <skipped message="Cannot invoke &quot;String.equals(Object)&quot; because the return value of &quot;java.lang.System.getProperty(String)&quot; is null"/>
  </testcase>
  <testcase name="googleTest" classname="com.testautomationguru.container.test.OrderTest" time="0">
    <skipped message="Cannot invoke &quot;String.equals(Object)&quot; because the return value of &quot;java.lang.System.getProperty(String)&quot; is null"/>
  </testcase>
  <testcase name="googleTest" classname="com.testautomationguru.container.test.SearchTest" time="0">
    <skipped message="Cannot invoke &quot;String.equals(Object)&quot; because the return value of &quot;java.lang.System.getProperty(String)&quot; is null"/>
  </testcase>
  <testcase name="googleTest" classname="com.testautomationguru.container.test.SearchTest" time="0">
    <skipped message="Cannot invoke &quot;String.equals(Object)&quot; because the return value of &quot;java.lang.System.getProperty(String)&quot; is null"/>
  </testcase>
  <testcase name="googleTest" classname="com.testautomationguru.container.test.SearchTest" time="0">
    <skipped message="Cannot invoke &quot;String.equals(Object)&quot; because the return value of &quot;java.lang.System.getProperty(String)&quot; is null"/>
  </testcase>
  <testcase name="googleTest" classname="com.testautomationguru.container.test.SearchTest" time="0">
    <skipped message="Cannot invoke &quot;String.equals(Object)&quot; because the return value of &quot;java.lang.System.getProperty(String)&quot; is null"/>
  </testcase>
  <testcase name="googleTest" classname="com.testautomationguru.container.test.SearchTest" time="0">
    <skipped message="Cannot invoke &quot;String.equals(Object)&quot; because the return value of &quot;java.lang.System.getProperty(String)&quot; is null"/>
  </testcase>
  <testcase name="googleTest" classname="com.testautomationguru.container.test.SearchTest" time="0">
    <skipped message="Cannot invoke &quot;String.equals(Object)&quot; because the return value of &quot;java.lang.System.getProperty(String)&quot; is null"/>
  </testcase>
  <testcase name="googleTest" classname="com.testautomationguru.container.test.SearchTest" time="0">
    <skipped message="Cannot invoke &quot;String.equals(Object)&quot; because the return value of &quot;java.lang.System.getProperty(String)&quot; is null"/>
  </testcase>
  <testcase name="googleTest" classname="com.testautomationguru.container.test.SearchTest" time="0">
    <skipped message="Cannot invoke &quot;String.equals(Object)&quot; because the return value of &quot;java.lang.System.getProperty(String)&quot; is null"/>
  </testcase>
  <testcase name="googleTest" classname="com.testautomationguru.container.test.SearchTest" time="0">
    <skipped message="Cannot invoke &quot;String.equals(Object)&quot; because the return value of &quot;java.lang.System.getProperty(String)&quot; is null"/>
  </testcase>
  <testcase name="googleTest" classname="com.testautomationguru.container.test.SearchTest" time="0">
    <skipped message="Cannot invoke &quot;String.equals(Object)&quot; because the return value of &quot;java.lang.System.getProperty(String)&quot; is null"/>
  </testcase>
  <testcase name="tearDown" classname="com.testautomationguru.container.test.SearchTest" time="0">
    <skipped/>
  </testcase>
</testsuite>