<?xml version="1.0" encoding="UTF-8"?>
<!-- Generated by org.testng.reporters.JUnitReportReporter -->
<testsuite hostname="IgNOrEs-iMac.local" failures="0" tests="3" name="testPages.TestRegistration" time="4.614" errors="0" timestamp="2022-08-07T20:00:16 EEST" skipped="0">
  <testcase classname="testPages.TestRegistration" name="TestLogout" time="0.967"/>
  <system-out/>
  <testcase classname="testPages.TestRegistration" name="TestRegister" time="2.246"/>
  <system-out/>
  <testcase classname="testPages.TestRegistration" name="TestLogin" time="1.401"/>
  <system-out/>
</testsuite> <!-- testPages.TestRegistration -->
