<?xml version="1.0" encoding="UTF-8"?>
<!-- Generated by org.testng.reporters.JUnitReportReporter -->
<testsuite skipped="0" hostname="AYAN" name="utils.ExcelDataProvider" tests="5" failures="0" timestamp="2020-06-09T20:52:45 IST" time="34.902" errors="0">
  <testcase name="test1" time="9.965" classname="utils.ExcelDataProvider"/>
  <system-out/>
  <testcase name="test1" time="6.503" classname="utils.ExcelDataProvider"/>
  <system-out/>
  <testcase name="test1" time="6.034" classname="utils.ExcelDataProvider"/>
  <system-out/>
  <testcase name="test1" time="6.407" classname="utils.ExcelDataProvider"/>
  <system-out/>
  <testcase name="test1" time="5.993" classname="utils.ExcelDataProvider"/>
  <system-out/>
</testsuite> <!-- utils.ExcelDataProvider -->
