<?xml version="1.0" encoding="UTF-8"?>
<!-- Generated by org.testng.reporters.JUnitReportReporter -->
<testsuite skipped="0" hostname="AYAN" name="testng.TestNGPriorityDemo" tests="3" failures="0" timestamp="2020-06-10T02:15:38 IST" time="0.020" errors="0">
  <testcase name="two" time="0.007" classname="testng.TestNGPriorityDemo"/>
  <system-out/>
  <testcase name="one" time="0.004" classname="testng.TestNGPriorityDemo"/>
  <system-out/>
  <testcase name="three" time="0.009" classname="testng.TestNGPriorityDemo"/>
  <system-out/>
</testsuite> <!-- testng.TestNGPriorityDemo -->
