<?xml version="1.0" encoding="UTF-8"?>
<!-- Generated by org.testng.reporters.JUnitReportReporter -->
<testsuite skipped="0" hostname="AYAN" name="testng.TestNGGroupsDemo" tests="4" failures="0" timestamp="2020-06-10T19:07:04 IST" time="0.026" errors="0">
  <testcase name="test4" time="0.004" classname="testng.TestNGGroupsDemo"/>
  <system-out/>
  <testcase name="test2" time="0.003" classname="testng.TestNGGroupsDemo"/>
  <system-out/>
  <testcase name="test3" time="0.005" classname="testng.TestNGGroupsDemo"/>
  <system-out/>
  <testcase name="test1" time="0.014" classname="testng.TestNGGroupsDemo"/>
  <system-out/>
</testsuite> <!-- testng.TestNGGroupsDemo -->
