<?xml version="1.0" encoding="UTF-8"?>
<!-- Generated by org.testng.reporters.JUnitReportReporter -->
<testsuite skipped="0" hostname="AYAN" name="testng.TestNGDependencyDemo" tests="3" failures="0" timestamp="2020-06-10T21:11:27 IST" time="0.018" errors="0">
  <testcase name="test1" time="0.002" classname="testng.TestNGDependencyDemo"/>
  <system-out/>
  <testcase name="test2" time="0.014" classname="testng.TestNGDependencyDemo"/>
  <system-out/>
  <testcase name="test3" time="0.002" classname="testng.TestNGDependencyDemo"/>
  <system-out/>
</testsuite> <!-- testng.TestNGDependencyDemo -->
