<?xml version="1.0" encoding="UTF-8"?>
<!-- Generated by org.testng.reporters.JUnitReportReporter -->
<testsuite skipped="1" hostname="AYAN" name="testng.TestNGIgnoreDemo" tests="2" failures="0" timestamp="2020-06-10T22:26:32 IST" time="0.019" errors="0">
  <testcase name="test2" time="0.019" classname="testng.TestNGIgnoreDemo"/>
  <system-out/>
  <testcase name="test1" classname="testng.TestNGIgnoreDemo">
    <skipped/>
  </testcase> <!-- test1 -->
  <system-out/>
</testsuite> <!-- testng.TestNGIgnoreDemo -->
