<?xml version="1.0" encoding="UTF-8"?>
<!-- Generated by org.testng.reporters.JUnitReportReporter -->
<testsuite skipped="0" hostname="AYAN" name="SeleniumTest.ExtentReportsDemoWithTestNG" tests="3" failures="0" timestamp="2020-06-09T00:22:53 IST" time="15.002" errors="0">
  <testcase name="testExtentReportWithTestNG" time="14.952" classname="SeleniumTest.ExtentReportsDemoWithTestNG"/>
  <system-out/>
  <testcase name="test2" time="0.005" classname="SeleniumTest.ExtentReportsDemoWithTestNG"/>
  <system-out/>
  <testcase name="test1" time="0.045" classname="SeleniumTest.ExtentReportsDemoWithTestNG"/>
  <system-out/>
</testsuite> <!-- SeleniumTest.ExtentReportsDemoWithTestNG -->
