<?xml version="1.0" encoding="UTF-8"?>
<!-- Generated by org.testng.reporters.JUnitReportReporter -->
<testsuite skipped="0" hostname="AYAN" name="SeleniumTest.TestNG_Demo_PropertiesFile" tests="1" failures="0" timestamp="2020-05-11T00:38:15 IST" time="24.830" errors="0">
  <testcase name="googleSearch" time="24.830" classname="SeleniumTest.TestNG_Demo_PropertiesFile"/>
  <system-out/>
</testsuite> <!-- SeleniumTest.TestNG_Demo_PropertiesFile -->
