<?xml version="1.0" encoding="UTF-8"?>
<!-- Generated by org.testng.reporters.JUnitReportReporter -->
<testsuite skipped="0" hostname="AYAN" name="testng.TestNGParametersDemo" tests="1" failures="0" timestamp="2020-06-10T20:10:00 IST" time="0.017" errors="0">
  <testcase name="test" time="0.017" classname="testng.TestNGParametersDemo"/>
  <system-out/>
</testsuite> <!-- testng.TestNGParametersDemo -->
