<?xml version="1.0" encoding="UTF-8"?>
<!-- Generated by org.testng.reporters.JUnitReportReporter -->
<testsuite skipped="0" hostname="AYAN" name="testng.TestNGMultiBrowserDemo" tests="3" failures="0" timestamp="2020-06-10T16:32:30 IST" time="66.975" errors="0">
  <testcase name="test1" time="13.821" classname="testng.TestNGMultiBrowserDemo"/>
  <system-out/>
  <testcase name="test1" time="23.150" classname="testng.TestNGMultiBrowserDemo"/>
  <system-out/>
  <testcase name="test1" time="30.004" classname="testng.TestNGMultiBrowserDemo"/>
  <system-out/>
</testsuite> <!-- testng.TestNGMultiBrowserDemo -->
