<?xml version="1.0" encoding="UTF-8"?>
<testsuite xmlns:xsi="http://www.w3.org/2001/XMLSchema-instance" xsi:noNamespaceSchemaLocation="https://maven.apache.org/surefire/maven-surefire-plugin/xsd/surefire-test-report-3.0.xsd" version="3.0" name="tests.Test1" time="32.673" tests="1" errors="0" skipped="0" failures="1">
  <properties>
    <property name="java.specification.version" value="18"/>
    <property name="webdriver.chrome.driver" value="/Users/ignore/.cache/selenium/chromedriver/mac64/103.0.5060.134/chromedriver"/>
    <property name="sun.jnu.encoding" value="UTF-8"/>
    <property name="java.class.path" value="/Users/ignore/Documents/Selenium/69_untitled/target/test-classes:/Users/ignore/Documents/Selenium/69_untitled/target/classes:/Users/ignore/.m2/repository/org/testng/testng/7.4.0/testng-7.4.0.jar:/Users/ignore/.m2/repository/com/beust/jcommander/1.78/jcommander-1.78.jar:/Users/ignore/.m2/repository/org/webjars/jquery/3.5.1/jquery-3.5.1.jar:/Users/ignore/.m2/repository/org/seleniumhq/selenium/selenium-java/4.0.0-beta-4/selenium-java-4.0.0-beta-4.jar:/Users/ignore/.m2/repository/org/seleniumhq/selenium/selenium-api/4.0.0-beta-4/selenium-api-4.0.0-beta-4.jar:/Users/ignore/.m2/repository/org/seleniumhq/selenium/selenium-devtools-v85/4.0.0-beta-4/selenium-devtools-v85-4.0.0-beta-4.jar:/Users/ignore/.m2/repository/org/seleniumhq/selenium/selenium-devtools-v88/4.0.0-beta-4/selenium-devtools-v88-4.0.0-beta-4.jar:/Users/ignore/.m2/repository/org/seleniumhq/selenium/selenium-devtools-v89/4.0.0-beta-4/selenium-devtools-v89-4.0.0-beta-4.jar:/Users/ignore/.m2/repository/org/seleniumhq/selenium/selenium-devtools-v90/4.0.0-beta-4/selenium-devtools-v90-4.0.0-beta-4.jar:/Users/ignore/.m2/repository/org/seleniumhq/selenium/selenium-devtools-v91/4.0.0-beta-4/selenium-devtools-v91-4.0.0-beta-4.jar:/Users/ignore/.m2/repository/org/seleniumhq/selenium/selenium-firefox-xpi-driver/4.0.0-beta-4/selenium-firefox-xpi-driver-4.0.0-beta-4.jar:/Users/ignore/.m2/repository/org/seleniumhq/selenium/selenium-remote-driver/4.0.0-beta-4/selenium-remote-driver-4.0.0-beta-4.jar:/Users/ignore/.m2/repository/io/netty/netty-buffer/4.1.63.Final/netty-buffer-4.1.63.Final.jar:/Users/ignore/.m2/repository/io/netty/netty-codec-http/4.1.63.Final/netty-codec-http-4.1.63.Final.jar:/Users/ignore/.m2/repository/io/netty/netty-codec/4.1.63.Final/netty-codec-4.1.63.Final.jar:/Users/ignore/.m2/repository/io/netty/netty-handler/4.1.63.Final/netty-handler-4.1.63.Final.jar:/Users/ignore/.m2/repository/io/netty/netty-common/4.1.63.Final/netty-common-4.1.63.Final.jar:/Users/ignore/.m2/repository/io/netty/netty-transport-native-epoll/4.1.63.Final/netty-transport-native-epoll-4.1.63.Final.jar:/Users/ignore/.m2/repository/io/netty/netty-transport-native-kqueue/4.1.63.Final/netty-transport-native-kqueue-4.1.63.Final.jar:/Users/ignore/.m2/repository/io/netty/netty-transport-native-unix-common/4.1.63.Final/netty-transport-native-unix-common-4.1.63.Final.jar:/Users/ignore/.m2/repository/io/netty/netty-transport/4.1.63.Final/netty-transport-4.1.63.Final.jar:/Users/ignore/.m2/repository/io/netty/netty-resolver/4.1.63.Final/netty-resolver-4.1.63.Final.jar:/Users/ignore/.m2/repository/io/opentelemetry/opentelemetry-api/1.2.0/opentelemetry-api-1.2.0.jar:/Users/ignore/.m2/repository/io/opentelemetry/opentelemetry-context/1.2.0/opentelemetry-context-1.2.0.jar:/Users/ignore/.m2/repository/io/opentelemetry/opentelemetry-exporter-logging/1.2.0/opentelemetry-exporter-logging-1.2.0.jar:/Users/ignore/.m2/repository/io/opentelemetry/opentelemetry-sdk-metrics/1.2.0-alpha/opentelemetry-sdk-metrics-1.2.0-alpha.jar:/Users/ignore/.m2/repository/io/opentelemetry/opentelemetry-sdk-common/1.2.0/opentelemetry-sdk-common-1.2.0.jar:/Users/ignore/.m2/repository/io/opentelemetry/opentelemetry-sdk-extension-autoconfigure/1.2.0-alpha/opentelemetry-sdk-extension-autoconfigure-1.2.0-alpha.jar:/Users/ignore/.m2/repository/io/opentelemetry/opentelemetry-sdk-trace/1.2.0/opentelemetry-sdk-trace-1.2.0.jar:/Users/ignore/.m2/repository/io/opentelemetry/opentelemetry-api-metrics/1.2.0-alpha/opentelemetry-api-metrics-1.2.0-alpha.jar:/Users/ignore/.m2/repository/io/opentelemetry/opentelemetry-sdk/1.2.0/opentelemetry-sdk-1.2.0.jar:/Users/ignore/.m2/repository/io/opentelemetry/opentelemetry-semconv/1.2.0-alpha/opentelemetry-semconv-1.2.0-alpha.jar:/Users/ignore/.m2/repository/io/ous/jtoml/2.0.0/jtoml-2.0.0.jar:/Users/ignore/.m2/repository/net/bytebuddy/byte-buddy/1.11.0/byte-buddy-1.11.0.jar:/Users/ignore/.m2/repository/org/apache/commons/commons-exec/1.3/commons-exec-1.3.jar:/Users/ignore/.m2/repository/org/asynchttpclient/async-http-client/2.12.3/async-http-client-2.12.3.jar:/Users/ignore/.m2/repository/org/asynchttpclient/async-http-client-netty-utils/2.12.3/async-http-client-netty-utils-2.12.3.jar:/Users/ignore/.m2/repository/io/netty/netty-codec-socks/4.1.60.Final/netty-codec-socks-4.1.60.Final.jar:/Users/ignore/.m2/repository/io/netty/netty-handler-proxy/4.1.60.Final/netty-handler-proxy-4.1.60.Final.jar:/Users/ignore/.m2/repository/io/netty/netty-transport-native-epoll/4.1.60.Final/netty-transport-native-epoll-4.1.60.Final-linux-x86_64.jar:/Users/ignore/.m2/repository/io/netty/netty-transport-native-kqueue/4.1.60.Final/netty-transport-native-kqueue-4.1.60.Final-osx-x86_64.jar:/Users/ignore/.m2/repository/org/reactivestreams/reactive-streams/1.0.3/reactive-streams-1.0.3.jar:/Users/ignore/.m2/repository/com/typesafe/netty/netty-reactive-streams/2.0.4/netty-reactive-streams-2.0.4.jar:/Users/ignore/.m2/repository/com/sun/activation/jakarta.activation/1.2.2/jakarta.activation-1.2.2.jar:/Users/ignore/.m2/repository/org/seleniumhq/selenium/selenium-safari-driver/4.0.0-beta-4/selenium-safari-driver-4.0.0-beta-4.jar:/Users/ignore/.m2/repository/org/seleniumhq/selenium/selenium-firefox-driver/4.0.0-beta-4/selenium-firefox-driver-4.0.0-beta-4.jar:/Users/ignore/.m2/repository/com/google/auto/service/auto-service-annotations/1.0/auto-service-annotations-1.0.jar:/Users/ignore/.m2/repository/com/google/auto/service/auto-service/1.0/auto-service-1.0.jar:/Users/ignore/.m2/repository/com/google/auto/auto-common/1.0/auto-common-1.0.jar:/Users/ignore/.m2/repository/com/google/guava/guava/30.1.1-jre/guava-30.1.1-jre.jar:/Users/ignore/.m2/repository/com/google/guava/failureaccess/1.0.1/failureaccess-1.0.1.jar:/Users/ignore/.m2/repository/com/google/guava/listenablefuture/9999.0-empty-to-avoid-conflict-with-guava/listenablefuture-9999.0-empty-to-avoid-conflict-with-guava.jar:/Users/ignore/.m2/repository/com/google/code/findbugs/jsr305/3.0.2/jsr305-3.0.2.jar:/Users/ignore/.m2/repository/org/checkerframework/checker-qual/3.8.0/checker-qual-3.8.0.jar:/Users/ignore/.m2/repository/com/google/errorprone/error_prone_annotations/2.5.1/error_prone_annotations-2.5.1.jar:/Users/ignore/.m2/repository/com/google/j2objc/j2objc-annotations/1.3/j2objc-annotations-1.3.jar:/Users/ignore/.m2/repository/org/seleniumhq/selenium/selenium-devtools/4.0.0-beta-4/selenium-devtools-4.0.0-beta-4.jar:/Users/ignore/.m2/repository/org/seleniumhq/selenium/selenium-json/4.0.0-beta-4/selenium-json-4.0.0-beta-4.jar:/Users/ignore/.m2/repository/org/seleniumhq/selenium/selenium-chrome-driver/4.0.0-beta-4/selenium-chrome-driver-4.0.0-beta-4.jar:/Users/ignore/.m2/repository/org/seleniumhq/selenium/selenium-chromium-driver/4.0.0-beta-4/selenium-chromium-driver-4.0.0-beta-4.jar:/Users/ignore/.m2/repository/org/seleniumhq/selenium/selenium-http/4.0.0-beta-4/selenium-http-4.0.0-beta-4.jar:/Users/ignore/.m2/repository/org/seleniumhq/selenium/selenium-edge-driver/4.0.0-beta-4/selenium-edge-driver-4.0.0-beta-4.jar:/Users/ignore/.m2/repository/org/seleniumhq/selenium/selenium-opera-driver/4.0.0-beta-4/selenium-opera-driver-4.0.0-beta-4.jar:/Users/ignore/.m2/repository/org/seleniumhq/selenium/selenium-ie-driver/4.0.0-beta-4/selenium-ie-driver-4.0.0-beta-4.jar:/Users/ignore/.m2/repository/org/seleniumhq/selenium/selenium-support/4.0.0-beta-4/selenium-support-4.0.0-beta-4.jar:/Users/ignore/.m2/repository/com/github/detro/ghostdriver/2.1.0/ghostdriver-2.1.0.jar:/Users/ignore/.m2/repository/io/github/bonigarcia/webdrivermanager/4.4.3/webdrivermanager-4.4.3.jar:/Users/ignore/.m2/repository/commons-io/commons-io/2.8.0/commons-io-2.8.0.jar:/Users/ignore/.m2/repository/com/google/code/gson/gson/2.8.6/gson-2.8.6.jar:/Users/ignore/.m2/repository/org/apache/commons/commons-lang3/3.12.0/commons-lang3-3.12.0.jar:/Users/ignore/.m2/repository/org/apache/httpcomponents/client5/httpclient5/5.0.3/httpclient5-5.0.3.jar:/Users/ignore/.m2/repository/org/apache/httpcomponents/core5/httpcore5/5.0.2/httpcore5-5.0.2.jar:/Users/ignore/.m2/repository/org/apache/httpcomponents/core5/httpcore5-h2/5.0.2/httpcore5-h2-5.0.2.jar:/Users/ignore/.m2/repository/org/rauschig/jarchivelib/1.1.0/jarchivelib-1.1.0.jar:/Users/ignore/.m2/repository/org/jsoup/jsoup/1.13.1/jsoup-1.13.1.jar:/Users/ignore/.m2/repository/ru/yandex/qatools/properties/properties-loader/1.5/properties-loader-1.5.jar:/Users/ignore/.m2/repository/commons-beanutils/commons-beanutils-core/1.8.3/commons-beanutils-core-1.8.3.jar:/Users/ignore/.m2/repository/commons-logging/commons-logging/1.1.1/commons-logging-1.1.1.jar:/Users/ignore/.m2/repository/ru/yandex/qatools/ashot/ashot/1.5.4/ashot-1.5.4.jar:/Users/ignore/.m2/repository/org/hamcrest/hamcrest-core/1.3/hamcrest-core-1.3.jar:/Users/ignore/.m2/repository/org/hamcrest/hamcrest/2.2/hamcrest-2.2.jar:/Users/ignore/.m2/repository/ru/qatools/commons/properties/2.0.RC6/properties-2.0.RC6.jar:/Users/ignore/.m2/repository/ru/yandex/qatools/htmlelements/htmlelements-java/1.17/htmlelements-java-1.17.jar:/Users/ignore/.m2/repository/joda-time/joda-time/2.10.10/joda-time-2.10.10.jar:/Users/ignore/.m2/repository/org/apache/poi/poi/5.0.0/poi-5.0.0.jar:/Users/ignore/.m2/repository/commons-codec/commons-codec/1.15/commons-codec-1.15.jar:/Users/ignore/.m2/repository/org/apache/commons/commons-collections4/4.4/commons-collections4-4.4.jar:/Users/ignore/.m2/repository/org/apache/commons/commons-math3/3.6.1/commons-math3-3.6.1.jar:/Users/ignore/.m2/repository/com/zaxxer/SparseBitSet/1.2/SparseBitSet-1.2.jar:/Users/ignore/.m2/repository/org/apache/poi/poi-ooxml/5.0.0/poi-ooxml-5.0.0.jar:/Users/ignore/.m2/repository/org/apache/poi/poi-ooxml-lite/5.0.0/poi-ooxml-lite-5.0.0.jar:/Users/ignore/.m2/repository/org/apache/commons/commons-compress/1.20/commons-compress-1.20.jar:/Users/ignore/.m2/repository/com/github/virtuald/curvesapi/1.06/curvesapi-1.06.jar:/Users/ignore/.m2/repository/org/bouncycastle/bcpkix-jdk15on/1.68/bcpkix-jdk15on-1.68.jar:/Users/ignore/.m2/repository/org/bouncycastle/bcprov-jdk15on/1.68/bcprov-jdk15on-1.68.jar:/Users/ignore/.m2/repository/org/apache/santuario/xmlsec/2.2.1/xmlsec-2.2.1.jar:/Users/ignore/.m2/repository/com/fasterxml/woodstox/woodstox-core/5.2.1/woodstox-core-5.2.1.jar:/Users/ignore/.m2/repository/org/codehaus/woodstox/stax2-api/4.2/stax2-api-4.2.jar:/Users/ignore/.m2/repository/jakarta/xml/bind/jakarta.xml.bind-api/2.3.2/jakarta.xml.bind-api-2.3.2.jar:/Users/ignore/.m2/repository/jakarta/activation/jakarta.activation-api/1.2.1/jakarta.activation-api-1.2.1.jar:/Users/ignore/.m2/repository/org/apache/xmlgraphics/batik-all/1.13/batik-all-1.13.jar:/Users/ignore/.m2/repository/org/apache/xmlgraphics/batik-anim/1.13/batik-anim-1.13.jar:/Users/ignore/.m2/repository/org/apache/xmlgraphics/batik-shared-resources/1.13/batik-shared-resources-1.13.jar:/Users/ignore/.m2/repository/xml-apis/xml-apis-ext/1.3.04/xml-apis-ext-1.3.04.jar:/Users/ignore/.m2/repository/org/apache/xmlgraphics/batik-awt-util/1.13/batik-awt-util-1.13.jar:/Users/ignore/.m2/repository/org/apache/xmlgraphics/xmlgraphics-commons/2.4/xmlgraphics-commons-2.4.jar:/Users/ignore/.m2/repository/org/apache/xmlgraphics/batik-bridge/1.13/batik-bridge-1.13.jar:/Users/ignore/.m2/repository/org/apache/xmlgraphics/batik-codec/1.13/batik-codec-1.13.jar:/Users/ignore/.m2/repository/org/apache/xmlgraphics/batik-constants/1.13/batik-constants-1.13.jar:/Users/ignore/.m2/repository/org/apache/xmlgraphics/batik-css/1.13/batik-css-1.13.jar:/Users/ignore/.m2/repository/org/apache/xmlgraphics/batik-dom/1.13/batik-dom-1.13.jar:/Users/ignore/.m2/repository/xalan/xalan/2.7.2/xalan-2.7.2.jar:/Users/ignore/.m2/repository/xalan/serializer/2.7.2/serializer-2.7.2.jar:/Users/ignore/.m2/repository/xml-apis/xml-apis/1.4.01/xml-apis-1.4.01.jar:/Users/ignore/.m2/repository/org/apache/xmlgraphics/batik-ext/1.13/batik-ext-1.13.jar:/Users/ignore/.m2/repository/org/apache/xmlgraphics/batik-extension/1.13/batik-extension-1.13.jar:/Users/ignore/.m2/repository/org/apache/xmlgraphics/batik-gui-util/1.13/batik-gui-util-1.13.jar:/Users/ignore/.m2/repository/org/apache/xmlgraphics/batik-gvt/1.13/batik-gvt-1.13.jar:/Users/ignore/.m2/repository/org/apache/xmlgraphics/batik-i18n/1.13/batik-i18n-1.13.jar:/Users/ignore/.m2/repository/org/apache/xmlgraphics/batik-parser/1.13/batik-parser-1.13.jar:/Users/ignore/.m2/repository/org/apache/xmlgraphics/batik-rasterizer-ext/1.13/batik-rasterizer-ext-1.13.jar:/Users/ignore/.m2/repository/org/apache/xmlgraphics/batik-rasterizer/1.13/batik-rasterizer-1.13.jar:/Users/ignore/.m2/repository/org/apache/xmlgraphics/batik-script/1.13/batik-script-1.13.jar:/Users/ignore/.m2/repository/org/apache/xmlgraphics/batik-slideshow/1.13/batik-slideshow-1.13.jar:/Users/ignore/.m2/repository/org/apache/xmlgraphics/batik-squiggle-ext/1.13/batik-squiggle-ext-1.13.jar:/Users/ignore/.m2/repository/org/apache/xmlgraphics/batik-squiggle/1.13/batik-squiggle-1.13.jar:/Users/ignore/.m2/repository/org/apache/xmlgraphics/batik-svg-dom/1.13/batik-svg-dom-1.13.jar:/Users/ignore/.m2/repository/org/apache/xmlgraphics/batik-svgbrowser/1.13/batik-svgbrowser-1.13.jar:/Users/ignore/.m2/repository/org/apache/xmlgraphics/batik-svggen/1.13/batik-svggen-1.13.jar:/Users/ignore/.m2/repository/org/apache/xmlgraphics/batik-svgpp/1.13/batik-svgpp-1.13.jar:/Users/ignore/.m2/repository/org/apache/xmlgraphics/batik-svgrasterizer/1.13/batik-svgrasterizer-1.13.jar:/Users/ignore/.m2/repository/org/apache/xmlgraphics/batik-swing/1.13/batik-swing-1.13.jar:/Users/ignore/.m2/repository/org/apache/xmlgraphics/batik-transcoder/1.13/batik-transcoder-1.13.jar:/Users/ignore/.m2/repository/org/apache/xmlgraphics/batik-util/1.13/batik-util-1.13.jar:/Users/ignore/.m2/repository/org/apache/xmlgraphics/batik-ttf2svg/1.13/batik-ttf2svg-1.13.jar:/Users/ignore/.m2/repository/org/apache/xmlgraphics/batik-xml/1.13/batik-xml-1.13.jar:/Users/ignore/.m2/repository/de/rototor/pdfbox/graphics2d/0.30/graphics2d-0.30.jar:/Users/ignore/.m2/repository/org/apache/pdfbox/pdfbox/2.0.22/pdfbox-2.0.22.jar:/Users/ignore/.m2/repository/org/apache/pdfbox/fontbox/2.0.22/fontbox-2.0.22.jar:/Users/ignore/.m2/repository/org/apache/poi/poi-ooxml-schemas/4.1.2/poi-ooxml-schemas-4.1.2.jar:/Users/ignore/.m2/repository/org/apache/poi/ooxml-schemas/1.4/ooxml-schemas-1.4.jar:/Users/ignore/.m2/repository/org/apache/xmlbeans/xmlbeans/5.0.1/xmlbeans-5.0.1.jar:/Users/ignore/.m2/repository/org/apache/logging/log4j/log4j-api/2.14.0/log4j-api-2.14.0.jar:/Users/ignore/.m2/repository/org/aspectj/aspectjtools/1.9.8.M1/aspectjtools-1.9.8.M1.jar:/Users/ignore/.m2/repository/org/aspectj/aspectjrt/1.9.8.M1/aspectjrt-1.9.8.M1.jar:/Users/ignore/.m2/repository/org/slf4j/slf4j-api/2.0.0-alpha2/slf4j-api-2.0.0-alpha2.jar:/Users/ignore/.m2/repository/org/slf4j/slf4j-log4j12/2.0.0-alpha2/slf4j-log4j12-2.0.0-alpha2.jar:/Users/ignore/.m2/repository/log4j/log4j/1.2.17/log4j-1.2.17.jar:/Users/ignore/.m2/repository/org/slf4j/jul-to-slf4j/2.0.0-alpha2/jul-to-slf4j-2.0.0-alpha2.jar:/Users/ignore/.m2/repository/org/slf4j/jcl-over-slf4j/2.0.0-alpha2/jcl-over-slf4j-2.0.0-alpha2.jar:/Users/ignore/.m2/repository/com/automation-remarks/video-recorder-testng/1.4/video-recorder-testng-1.4.jar:/Users/ignore/.m2/repository/org/json/json/20160810/json-20160810.jar:/Users/ignore/.m2/repository/org/apache/httpcomponents/httpclient/4.5.2/httpclient-4.5.2.jar:/Users/ignore/.m2/repository/org/apache/httpcomponents/httpcore/4.4.4/httpcore-4.4.4.jar:/Users/ignore/.m2/repository/com/automation-remarks/video-recorder-core/1.4/video-recorder-core-1.4.jar:/Users/ignore/.m2/repository/org/zeroturnaround/zt-exec/1.9/zt-exec-1.9.jar:/Users/ignore/.m2/repository/org/awaitility/awaitility/2.0.0/awaitility-2.0.0.jar:/Users/ignore/.m2/repository/org/hamcrest/hamcrest-library/1.3/hamcrest-library-1.3.jar:/Users/ignore/.m2/repository/cglib/cglib-nodep/3.1/cglib-nodep-3.1.jar:/Users/ignore/.m2/repository/org/objenesis/objenesis/2.1/objenesis-2.1.jar:/Users/ignore/.m2/repository/com/assertthat/selenium-shutterbug/0.6/selenium-shutterbug-0.6.jar:/Users/ignore/.m2/repository/io/qameta/allure/allure-attachments/2.14.0/allure-attachments-2.14.0.jar:/Users/ignore/.m2/repository/io/qameta/allure/allure-java-commons/2.14.0/allure-java-commons-2.14.0.jar:/Users/ignore/.m2/repository/io/qameta/allure/allure-model/2.14.0/allure-model-2.14.0.jar:/Users/ignore/.m2/repository/com/fasterxml/jackson/core/jackson-databind/2.12.3/jackson-databind-2.12.3.jar:/Users/ignore/.m2/repository/com/fasterxml/jackson/core/jackson-annotations/2.12.3/jackson-annotations-2.12.3.jar:/Users/ignore/.m2/repository/com/fasterxml/jackson/core/jackson-core/2.12.3/jackson-core-2.12.3.jar:/Users/ignore/.m2/repository/org/apache/tika/tika-core/1.26/tika-core-1.26.jar:/Users/ignore/.m2/repository/javax/xml/bind/jaxb-api/2.3.1/jaxb-api-2.3.1.jar:/Users/ignore/.m2/repository/javax/activation/javax.activation-api/1.2.0/javax.activation-api-1.2.0.jar:/Users/ignore/.m2/repository/javax/activation/activation/1.1.1/activation-1.1.1.jar:/Users/ignore/.m2/repository/org/jooq/joor-java-8/0.9.14/joor-java-8-0.9.14.jar:/Users/ignore/.m2/repository/org/freemarker/freemarker/2.3.31/freemarker-2.3.31.jar:/Users/ignore/.m2/repository/io/qameta/allure/allure-testng/2.14.0/allure-testng-2.14.0.jar:/Users/ignore/.m2/repository/io/qameta/allure/allure-test-filter/2.14.0/allure-test-filter-2.14.0.jar:/Users/ignore/.m2/repository/com/github/javafaker/javafaker/1.0.2/javafaker-1.0.2.jar:/Users/ignore/.m2/repository/org/yaml/snakeyaml/1.23/snakeyaml-1.23-android.jar:/Users/ignore/.m2/repository/com/github/mifmif/generex/1.0.2/generex-1.0.2.jar:/Users/ignore/.m2/repository/dk/brics/automaton/automaton/1.11-8/automaton-1.11-8.jar:/Users/ignore/.m2/repository/org/projectlombok/lombok/1.18.20/lombok-1.18.20.jar:"/>
    <property name="java.vm.vendor" value="Homebrew"/>
    <property name="sun.arch.data.model" value="64"/>
    <property name="java.vendor.url" value="https://github.com/Homebrew/homebrew-core/issues"/>
    <property name="user.timezone" value="Europe/Kiev"/>
    <property name="os.name" value="Mac OS X"/>
    <property name="java.vm.specification.version" value="18"/>
    <property name="sun.java.launcher" value="SUN_STANDARD"/>
    <property name="user.country" value="UA"/>
    <property name="sun.boot.library.path" value="/usr/local/Cellar/openjdk/18.0.1.1/libexec/openjdk.jdk/Contents/Home/lib"/>
    <property name="sun.java.command" value="/Users/ignore/Documents/Selenium/69_untitled/target/surefire/surefirebooter-20220807144015931_3.jar /Users/ignore/Documents/Selenium/69_untitled/target/surefire 2022-08-07T14-40-15_626-jvmRun1 surefire-20220807144015931_1tmp surefire_0-20220807144015931_2tmp"/>
    <property name="http.nonProxyHosts" value="local|*.local|169.254/16|*.169.254/16"/>
    <property name="jdk.debug" value="release"/>
    <property name="test" value="tests.Test1"/>
    <property name="surefire.test.class.path" value="/Users/ignore/Documents/Selenium/69_untitled/target/test-classes:/Users/ignore/Documents/Selenium/69_untitled/target/classes:/Users/ignore/.m2/repository/org/testng/testng/7.4.0/testng-7.4.0.jar:/Users/ignore/.m2/repository/com/beust/jcommander/1.78/jcommander-1.78.jar:/Users/ignore/.m2/repository/org/webjars/jquery/3.5.1/jquery-3.5.1.jar:/Users/ignore/.m2/repository/org/seleniumhq/selenium/selenium-java/4.0.0-beta-4/selenium-java-4.0.0-beta-4.jar:/Users/ignore/.m2/repository/org/seleniumhq/selenium/selenium-api/4.0.0-beta-4/selenium-api-4.0.0-beta-4.jar:/Users/ignore/.m2/repository/org/seleniumhq/selenium/selenium-devtools-v85/4.0.0-beta-4/selenium-devtools-v85-4.0.0-beta-4.jar:/Users/ignore/.m2/repository/org/seleniumhq/selenium/selenium-devtools-v88/4.0.0-beta-4/selenium-devtools-v88-4.0.0-beta-4.jar:/Users/ignore/.m2/repository/org/seleniumhq/selenium/selenium-devtools-v89/4.0.0-beta-4/selenium-devtools-v89-4.0.0-beta-4.jar:/Users/ignore/.m2/repository/org/seleniumhq/selenium/selenium-devtools-v90/4.0.0-beta-4/selenium-devtools-v90-4.0.0-beta-4.jar:/Users/ignore/.m2/repository/org/seleniumhq/selenium/selenium-devtools-v91/4.0.0-beta-4/selenium-devtools-v91-4.0.0-beta-4.jar:/Users/ignore/.m2/repository/org/seleniumhq/selenium/selenium-firefox-xpi-driver/4.0.0-beta-4/selenium-firefox-xpi-driver-4.0.0-beta-4.jar:/Users/ignore/.m2/repository/org/seleniumhq/selenium/selenium-remote-driver/4.0.0-beta-4/selenium-remote-driver-4.0.0-beta-4.jar:/Users/ignore/.m2/repository/io/netty/netty-buffer/4.1.63.Final/netty-buffer-4.1.63.Final.jar:/Users/ignore/.m2/repository/io/netty/netty-codec-http/4.1.63.Final/netty-codec-http-4.1.63.Final.jar:/Users/ignore/.m2/repository/io/netty/netty-codec/4.1.63.Final/netty-codec-4.1.63.Final.jar:/Users/ignore/.m2/repository/io/netty/netty-handler/4.1.63.Final/netty-handler-4.1.63.Final.jar:/Users/ignore/.m2/repository/io/netty/netty-common/4.1.63.Final/netty-common-4.1.63.Final.jar:/Users/ignore/.m2/repository/io/netty/netty-transport-native-epoll/4.1.63.Final/netty-transport-native-epoll-4.1.63.Final.jar:/Users/ignore/.m2/repository/io/netty/netty-transport-native-kqueue/4.1.63.Final/netty-transport-native-kqueue-4.1.63.Final.jar:/Users/ignore/.m2/repository/io/netty/netty-transport-native-unix-common/4.1.63.Final/netty-transport-native-unix-common-4.1.63.Final.jar:/Users/ignore/.m2/repository/io/netty/netty-transport/4.1.63.Final/netty-transport-4.1.63.Final.jar:/Users/ignore/.m2/repository/io/netty/netty-resolver/4.1.63.Final/netty-resolver-4.1.63.Final.jar:/Users/ignore/.m2/repository/io/opentelemetry/opentelemetry-api/1.2.0/opentelemetry-api-1.2.0.jar:/Users/ignore/.m2/repository/io/opentelemetry/opentelemetry-context/1.2.0/opentelemetry-context-1.2.0.jar:/Users/ignore/.m2/repository/io/opentelemetry/opentelemetry-exporter-logging/1.2.0/opentelemetry-exporter-logging-1.2.0.jar:/Users/ignore/.m2/repository/io/opentelemetry/opentelemetry-sdk-metrics/1.2.0-alpha/opentelemetry-sdk-metrics-1.2.0-alpha.jar:/Users/ignore/.m2/repository/io/opentelemetry/opentelemetry-sdk-common/1.2.0/opentelemetry-sdk-common-1.2.0.jar:/Users/ignore/.m2/repository/io/opentelemetry/opentelemetry-sdk-extension-autoconfigure/1.2.0-alpha/opentelemetry-sdk-extension-autoconfigure-1.2.0-alpha.jar:/Users/ignore/.m2/repository/io/opentelemetry/opentelemetry-sdk-trace/1.2.0/opentelemetry-sdk-trace-1.2.0.jar:/Users/ignore/.m2/repository/io/opentelemetry/opentelemetry-api-metrics/1.2.0-alpha/opentelemetry-api-metrics-1.2.0-alpha.jar:/Users/ignore/.m2/repository/io/opentelemetry/opentelemetry-sdk/1.2.0/opentelemetry-sdk-1.2.0.jar:/Users/ignore/.m2/repository/io/opentelemetry/opentelemetry-semconv/1.2.0-alpha/opentelemetry-semconv-1.2.0-alpha.jar:/Users/ignore/.m2/repository/io/ous/jtoml/2.0.0/jtoml-2.0.0.jar:/Users/ignore/.m2/repository/net/bytebuddy/byte-buddy/1.11.0/byte-buddy-1.11.0.jar:/Users/ignore/.m2/repository/org/apache/commons/commons-exec/1.3/commons-exec-1.3.jar:/Users/ignore/.m2/repository/org/asynchttpclient/async-http-client/2.12.3/async-http-client-2.12.3.jar:/Users/ignore/.m2/repository/org/asynchttpclient/async-http-client-netty-utils/2.12.3/async-http-client-netty-utils-2.12.3.jar:/Users/ignore/.m2/repository/io/netty/netty-codec-socks/4.1.60.Final/netty-codec-socks-4.1.60.Final.jar:/Users/ignore/.m2/repository/io/netty/netty-handler-proxy/4.1.60.Final/netty-handler-proxy-4.1.60.Final.jar:/Users/ignore/.m2/repository/io/netty/netty-transport-native-epoll/4.1.60.Final/netty-transport-native-epoll-4.1.60.Final-linux-x86_64.jar:/Users/ignore/.m2/repository/io/netty/netty-transport-native-kqueue/4.1.60.Final/netty-transport-native-kqueue-4.1.60.Final-osx-x86_64.jar:/Users/ignore/.m2/repository/org/reactivestreams/reactive-streams/1.0.3/reactive-streams-1.0.3.jar:/Users/ignore/.m2/repository/com/typesafe/netty/netty-reactive-streams/2.0.4/netty-reactive-streams-2.0.4.jar:/Users/ignore/.m2/repository/com/sun/activation/jakarta.activation/1.2.2/jakarta.activation-1.2.2.jar:/Users/ignore/.m2/repository/org/seleniumhq/selenium/selenium-safari-driver/4.0.0-beta-4/selenium-safari-driver-4.0.0-beta-4.jar:/Users/ignore/.m2/repository/org/seleniumhq/selenium/selenium-firefox-driver/4.0.0-beta-4/selenium-firefox-driver-4.0.0-beta-4.jar:/Users/ignore/.m2/repository/com/google/auto/service/auto-service-annotations/1.0/auto-service-annotations-1.0.jar:/Users/ignore/.m2/repository/com/google/auto/service/auto-service/1.0/auto-service-1.0.jar:/Users/ignore/.m2/repository/com/google/auto/auto-common/1.0/auto-common-1.0.jar:/Users/ignore/.m2/repository/com/google/guava/guava/30.1.1-jre/guava-30.1.1-jre.jar:/Users/ignore/.m2/repository/com/google/guava/failureaccess/1.0.1/failureaccess-1.0.1.jar:/Users/ignore/.m2/repository/com/google/guava/listenablefuture/9999.0-empty-to-avoid-conflict-with-guava/listenablefuture-9999.0-empty-to-avoid-conflict-with-guava.jar:/Users/ignore/.m2/repository/com/google/code/findbugs/jsr305/3.0.2/jsr305-3.0.2.jar:/Users/ignore/.m2/repository/org/checkerframework/checker-qual/3.8.0/checker-qual-3.8.0.jar:/Users/ignore/.m2/repository/com/google/errorprone/error_prone_annotations/2.5.1/error_prone_annotations-2.5.1.jar:/Users/ignore/.m2/repository/com/google/j2objc/j2objc-annotations/1.3/j2objc-annotations-1.3.jar:/Users/ignore/.m2/repository/org/seleniumhq/selenium/selenium-devtools/4.0.0-beta-4/selenium-devtools-4.0.0-beta-4.jar:/Users/ignore/.m2/repository/org/seleniumhq/selenium/selenium-json/4.0.0-beta-4/selenium-json-4.0.0-beta-4.jar:/Users/ignore/.m2/repository/org/seleniumhq/selenium/selenium-chrome-driver/4.0.0-beta-4/selenium-chrome-driver-4.0.0-beta-4.jar:/Users/ignore/.m2/repository/org/seleniumhq/selenium/selenium-chromium-driver/4.0.0-beta-4/selenium-chromium-driver-4.0.0-beta-4.jar:/Users/ignore/.m2/repository/org/seleniumhq/selenium/selenium-http/4.0.0-beta-4/selenium-http-4.0.0-beta-4.jar:/Users/ignore/.m2/repository/org/seleniumhq/selenium/selenium-edge-driver/4.0.0-beta-4/selenium-edge-driver-4.0.0-beta-4.jar:/Users/ignore/.m2/repository/org/seleniumhq/selenium/selenium-opera-driver/4.0.0-beta-4/selenium-opera-driver-4.0.0-beta-4.jar:/Users/ignore/.m2/repository/org/seleniumhq/selenium/selenium-ie-driver/4.0.0-beta-4/selenium-ie-driver-4.0.0-beta-4.jar:/Users/ignore/.m2/repository/org/seleniumhq/selenium/selenium-support/4.0.0-beta-4/selenium-support-4.0.0-beta-4.jar:/Users/ignore/.m2/repository/com/github/detro/ghostdriver/2.1.0/ghostdriver-2.1.0.jar:/Users/ignore/.m2/repository/io/github/bonigarcia/webdrivermanager/4.4.3/webdrivermanager-4.4.3.jar:/Users/ignore/.m2/repository/commons-io/commons-io/2.8.0/commons-io-2.8.0.jar:/Users/ignore/.m2/repository/com/google/code/gson/gson/2.8.6/gson-2.8.6.jar:/Users/ignore/.m2/repository/org/apache/commons/commons-lang3/3.12.0/commons-lang3-3.12.0.jar:/Users/ignore/.m2/repository/org/apache/httpcomponents/client5/httpclient5/5.0.3/httpclient5-5.0.3.jar:/Users/ignore/.m2/repository/org/apache/httpcomponents/core5/httpcore5/5.0.2/httpcore5-5.0.2.jar:/Users/ignore/.m2/repository/org/apache/httpcomponents/core5/httpcore5-h2/5.0.2/httpcore5-h2-5.0.2.jar:/Users/ignore/.m2/repository/org/rauschig/jarchivelib/1.1.0/jarchivelib-1.1.0.jar:/Users/ignore/.m2/repository/org/jsoup/jsoup/1.13.1/jsoup-1.13.1.jar:/Users/ignore/.m2/repository/ru/yandex/qatools/properties/properties-loader/1.5/properties-loader-1.5.jar:/Users/ignore/.m2/repository/commons-beanutils/commons-beanutils-core/1.8.3/commons-beanutils-core-1.8.3.jar:/Users/ignore/.m2/repository/commons-logging/commons-logging/1.1.1/commons-logging-1.1.1.jar:/Users/ignore/.m2/repository/ru/yandex/qatools/ashot/ashot/1.5.4/ashot-1.5.4.jar:/Users/ignore/.m2/repository/org/hamcrest/hamcrest-core/1.3/hamcrest-core-1.3.jar:/Users/ignore/.m2/repository/org/hamcrest/hamcrest/2.2/hamcrest-2.2.jar:/Users/ignore/.m2/repository/ru/qatools/commons/properties/2.0.RC6/properties-2.0.RC6.jar:/Users/ignore/.m2/repository/ru/yandex/qatools/htmlelements/htmlelements-java/1.17/htmlelements-java-1.17.jar:/Users/ignore/.m2/repository/joda-time/joda-time/2.10.10/joda-time-2.10.10.jar:/Users/ignore/.m2/repository/org/apache/poi/poi/5.0.0/poi-5.0.0.jar:/Users/ignore/.m2/repository/commons-codec/commons-codec/1.15/commons-codec-1.15.jar:/Users/ignore/.m2/repository/org/apache/commons/commons-collections4/4.4/commons-collections4-4.4.jar:/Users/ignore/.m2/repository/org/apache/commons/commons-math3/3.6.1/commons-math3-3.6.1.jar:/Users/ignore/.m2/repository/com/zaxxer/SparseBitSet/1.2/SparseBitSet-1.2.jar:/Users/ignore/.m2/repository/org/apache/poi/poi-ooxml/5.0.0/poi-ooxml-5.0.0.jar:/Users/ignore/.m2/repository/org/apache/poi/poi-ooxml-lite/5.0.0/poi-ooxml-lite-5.0.0.jar:/Users/ignore/.m2/repository/org/apache/commons/commons-compress/1.20/commons-compress-1.20.jar:/Users/ignore/.m2/repository/com/github/virtuald/curvesapi/1.06/curvesapi-1.06.jar:/Users/ignore/.m2/repository/org/bouncycastle/bcpkix-jdk15on/1.68/bcpkix-jdk15on-1.68.jar:/Users/ignore/.m2/repository/org/bouncycastle/bcprov-jdk15on/1.68/bcprov-jdk15on-1.68.jar:/Users/ignore/.m2/repository/org/apache/santuario/xmlsec/2.2.1/xmlsec-2.2.1.jar:/Users/ignore/.m2/repository/com/fasterxml/woodstox/woodstox-core/5.2.1/woodstox-core-5.2.1.jar:/Users/ignore/.m2/repository/org/codehaus/woodstox/stax2-api/4.2/stax2-api-4.2.jar:/Users/ignore/.m2/repository/jakarta/xml/bind/jakarta.xml.bind-api/2.3.2/jakarta.xml.bind-api-2.3.2.jar:/Users/ignore/.m2/repository/jakarta/activation/jakarta.activation-api/1.2.1/jakarta.activation-api-1.2.1.jar:/Users/ignore/.m2/repository/org/apache/xmlgraphics/batik-all/1.13/batik-all-1.13.jar:/Users/ignore/.m2/repository/org/apache/xmlgraphics/batik-anim/1.13/batik-anim-1.13.jar:/Users/ignore/.m2/repository/org/apache/xmlgraphics/batik-shared-resources/1.13/batik-shared-resources-1.13.jar:/Users/ignore/.m2/repository/xml-apis/xml-apis-ext/1.3.04/xml-apis-ext-1.3.04.jar:/Users/ignore/.m2/repository/org/apache/xmlgraphics/batik-awt-util/1.13/batik-awt-util-1.13.jar:/Users/ignore/.m2/repository/org/apache/xmlgraphics/xmlgraphics-commons/2.4/xmlgraphics-commons-2.4.jar:/Users/ignore/.m2/repository/org/apache/xmlgraphics/batik-bridge/1.13/batik-bridge-1.13.jar:/Users/ignore/.m2/repository/org/apache/xmlgraphics/batik-codec/1.13/batik-codec-1.13.jar:/Users/ignore/.m2/repository/org/apache/xmlgraphics/batik-constants/1.13/batik-constants-1.13.jar:/Users/ignore/.m2/repository/org/apache/xmlgraphics/batik-css/1.13/batik-css-1.13.jar:/Users/ignore/.m2/repository/org/apache/xmlgraphics/batik-dom/1.13/batik-dom-1.13.jar:/Users/ignore/.m2/repository/xalan/xalan/2.7.2/xalan-2.7.2.jar:/Users/ignore/.m2/repository/xalan/serializer/2.7.2/serializer-2.7.2.jar:/Users/ignore/.m2/repository/xml-apis/xml-apis/1.4.01/xml-apis-1.4.01.jar:/Users/ignore/.m2/repository/org/apache/xmlgraphics/batik-ext/1.13/batik-ext-1.13.jar:/Users/ignore/.m2/repository/org/apache/xmlgraphics/batik-extension/1.13/batik-extension-1.13.jar:/Users/ignore/.m2/repository/org/apache/xmlgraphics/batik-gui-util/1.13/batik-gui-util-1.13.jar:/Users/ignore/.m2/repository/org/apache/xmlgraphics/batik-gvt/1.13/batik-gvt-1.13.jar:/Users/ignore/.m2/repository/org/apache/xmlgraphics/batik-i18n/1.13/batik-i18n-1.13.jar:/Users/ignore/.m2/repository/org/apache/xmlgraphics/batik-parser/1.13/batik-parser-1.13.jar:/Users/ignore/.m2/repository/org/apache/xmlgraphics/batik-rasterizer-ext/1.13/batik-rasterizer-ext-1.13.jar:/Users/ignore/.m2/repository/org/apache/xmlgraphics/batik-rasterizer/1.13/batik-rasterizer-1.13.jar:/Users/ignore/.m2/repository/org/apache/xmlgraphics/batik-script/1.13/batik-script-1.13.jar:/Users/ignore/.m2/repository/org/apache/xmlgraphics/batik-slideshow/1.13/batik-slideshow-1.13.jar:/Users/ignore/.m2/repository/org/apache/xmlgraphics/batik-squiggle-ext/1.13/batik-squiggle-ext-1.13.jar:/Users/ignore/.m2/repository/org/apache/xmlgraphics/batik-squiggle/1.13/batik-squiggle-1.13.jar:/Users/ignore/.m2/repository/org/apache/xmlgraphics/batik-svg-dom/1.13/batik-svg-dom-1.13.jar:/Users/ignore/.m2/repository/org/apache/xmlgraphics/batik-svgbrowser/1.13/batik-svgbrowser-1.13.jar:/Users/ignore/.m2/repository/org/apache/xmlgraphics/batik-svggen/1.13/batik-svggen-1.13.jar:/Users/ignore/.m2/repository/org/apache/xmlgraphics/batik-svgpp/1.13/batik-svgpp-1.13.jar:/Users/ignore/.m2/repository/org/apache/xmlgraphics/batik-svgrasterizer/1.13/batik-svgrasterizer-1.13.jar:/Users/ignore/.m2/repository/org/apache/xmlgraphics/batik-swing/1.13/batik-swing-1.13.jar:/Users/ignore/.m2/repository/org/apache/xmlgraphics/batik-transcoder/1.13/batik-transcoder-1.13.jar:/Users/ignore/.m2/repository/org/apache/xmlgraphics/batik-util/1.13/batik-util-1.13.jar:/Users/ignore/.m2/repository/org/apache/xmlgraphics/batik-ttf2svg/1.13/batik-ttf2svg-1.13.jar:/Users/ignore/.m2/repository/org/apache/xmlgraphics/batik-xml/1.13/batik-xml-1.13.jar:/Users/ignore/.m2/repository/de/rototor/pdfbox/graphics2d/0.30/graphics2d-0.30.jar:/Users/ignore/.m2/repository/org/apache/pdfbox/pdfbox/2.0.22/pdfbox-2.0.22.jar:/Users/ignore/.m2/repository/org/apache/pdfbox/fontbox/2.0.22/fontbox-2.0.22.jar:/Users/ignore/.m2/repository/org/apache/poi/poi-ooxml-schemas/4.1.2/poi-ooxml-schemas-4.1.2.jar:/Users/ignore/.m2/repository/org/apache/poi/ooxml-schemas/1.4/ooxml-schemas-1.4.jar:/Users/ignore/.m2/repository/org/apache/xmlbeans/xmlbeans/5.0.1/xmlbeans-5.0.1.jar:/Users/ignore/.m2/repository/org/apache/logging/log4j/log4j-api/2.14.0/log4j-api-2.14.0.jar:/Users/ignore/.m2/repository/org/aspectj/aspectjtools/1.9.8.M1/aspectjtools-1.9.8.M1.jar:/Users/ignore/.m2/repository/org/aspectj/aspectjrt/1.9.8.M1/aspectjrt-1.9.8.M1.jar:/Users/ignore/.m2/repository/org/slf4j/slf4j-api/2.0.0-alpha2/slf4j-api-2.0.0-alpha2.jar:/Users/ignore/.m2/repository/org/slf4j/slf4j-log4j12/2.0.0-alpha2/slf4j-log4j12-2.0.0-alpha2.jar:/Users/ignore/.m2/repository/log4j/log4j/1.2.17/log4j-1.2.17.jar:/Users/ignore/.m2/repository/org/slf4j/jul-to-slf4j/2.0.0-alpha2/jul-to-slf4j-2.0.0-alpha2.jar:/Users/ignore/.m2/repository/org/slf4j/jcl-over-slf4j/2.0.0-alpha2/jcl-over-slf4j-2.0.0-alpha2.jar:/Users/ignore/.m2/repository/com/automation-remarks/video-recorder-testng/1.4/video-recorder-testng-1.4.jar:/Users/ignore/.m2/repository/org/json/json/20160810/json-20160810.jar:/Users/ignore/.m2/repository/org/apache/httpcomponents/httpclient/4.5.2/httpclient-4.5.2.jar:/Users/ignore/.m2/repository/org/apache/httpcomponents/httpcore/4.4.4/httpcore-4.4.4.jar:/Users/ignore/.m2/repository/com/automation-remarks/video-recorder-core/1.4/video-recorder-core-1.4.jar:/Users/ignore/.m2/repository/org/zeroturnaround/zt-exec/1.9/zt-exec-1.9.jar:/Users/ignore/.m2/repository/org/awaitility/awaitility/2.0.0/awaitility-2.0.0.jar:/Users/ignore/.m2/repository/org/hamcrest/hamcrest-library/1.3/hamcrest-library-1.3.jar:/Users/ignore/.m2/repository/cglib/cglib-nodep/3.1/cglib-nodep-3.1.jar:/Users/ignore/.m2/repository/org/objenesis/objenesis/2.1/objenesis-2.1.jar:/Users/ignore/.m2/repository/com/assertthat/selenium-shutterbug/0.6/selenium-shutterbug-0.6.jar:/Users/ignore/.m2/repository/io/qameta/allure/allure-attachments/2.14.0/allure-attachments-2.14.0.jar:/Users/ignore/.m2/repository/io/qameta/allure/allure-java-commons/2.14.0/allure-java-commons-2.14.0.jar:/Users/ignore/.m2/repository/io/qameta/allure/allure-model/2.14.0/allure-model-2.14.0.jar:/Users/ignore/.m2/repository/com/fasterxml/jackson/core/jackson-databind/2.12.3/jackson-databind-2.12.3.jar:/Users/ignore/.m2/repository/com/fasterxml/jackson/core/jackson-annotations/2.12.3/jackson-annotations-2.12.3.jar:/Users/ignore/.m2/repository/com/fasterxml/jackson/core/jackson-core/2.12.3/jackson-core-2.12.3.jar:/Users/ignore/.m2/repository/org/apache/tika/tika-core/1.26/tika-core-1.26.jar:/Users/ignore/.m2/repository/javax/xml/bind/jaxb-api/2.3.1/jaxb-api-2.3.1.jar:/Users/ignore/.m2/repository/javax/activation/javax.activation-api/1.2.0/javax.activation-api-1.2.0.jar:/Users/ignore/.m2/repository/javax/activation/activation/1.1.1/activation-1.1.1.jar:/Users/ignore/.m2/repository/org/jooq/joor-java-8/0.9.14/joor-java-8-0.9.14.jar:/Users/ignore/.m2/repository/org/freemarker/freemarker/2.3.31/freemarker-2.3.31.jar:/Users/ignore/.m2/repository/io/qameta/allure/allure-testng/2.14.0/allure-testng-2.14.0.jar:/Users/ignore/.m2/repository/io/qameta/allure/allure-test-filter/2.14.0/allure-test-filter-2.14.0.jar:/Users/ignore/.m2/repository/com/github/javafaker/javafaker/1.0.2/javafaker-1.0.2.jar:/Users/ignore/.m2/repository/org/yaml/snakeyaml/1.23/snakeyaml-1.23-android.jar:/Users/ignore/.m2/repository/com/github/mifmif/generex/1.0.2/generex-1.0.2.jar:/Users/ignore/.m2/repository/dk/brics/automaton/automaton/1.11-8/automaton-1.11-8.jar:/Users/ignore/.m2/repository/org/projectlombok/lombok/1.18.20/lombok-1.18.20.jar:"/>
    <property name="sun.cpu.endian" value="little"/>
    <property name="user.home" value="/Users/ignore"/>
    <property name="user.language" value="en"/>
    <property name="java.specification.vendor" value="Oracle Corporation"/>
    <property name="java.version.date" value="2022-04-22"/>
    <property name="java.home" value="/usr/local/Cellar/openjdk/18.0.1.1/libexec/openjdk.jdk/Contents/Home"/>
    <property name="file.separator" value="/"/>
    <property name="basedir" value="/Users/ignore/Documents/Selenium/69_untitled"/>
    <property name="java.vm.compressedOopsMode" value="Zero based"/>
    <property name="line.separator" value="&#10;"/>
    <property name="java.vm.specification.vendor" value="Oracle Corporation"/>
    <property name="java.specification.name" value="Java Platform API Specification"/>
    <property name="apple.awt.application.name" value="ForkedBooter"/>
    <property name="surefire.real.class.path" value="/Users/ignore/Documents/Selenium/69_untitled/target/surefire/surefirebooter-20220807144015931_3.jar"/>
    <property name="sun.management.compiler" value="HotSpot 64-Bit Tiered Compilers"/>
    <property name="ftp.nonProxyHosts" value="local|*.local|169.254/16|*.169.254/16"/>
    <property name="java.runtime.version" value="18.0.1.1+0"/>
    <property name="user.name" value="ignore"/>
    <property name="path.separator" value=":"/>
    <property name="webdriver.opera.driver" value="/Users/ignore/.cache/selenium/operadriver/mac64/99.0.4844.51/operadriver"/>
    <property name="os.version" value="10.15.7"/>
    <property name="java.runtime.name" value="OpenJDK Runtime Environment"/>
    <property name="file.encoding" value="UTF-8"/>
    <property name="sun.nio.ch.bugLevel" value=""/>
    <property name="java.vm.name" value="OpenJDK 64-Bit Server VM"/>
    <property name="java.vendor.version" value="Homebrew"/>
    <property name="localRepository" value="/Users/ignore/.m2/repository"/>
    <property name="java.vendor.url.bug" value="https://github.com/Homebrew/homebrew-core/issues"/>
    <property name="java.io.tmpdir" value="/var/folders/0x/404db83n0l3f2zy_fzdv78440000gn/T/"/>
    <property name="java.version" value="18.0.1.1"/>
    <property name="user.dir" value="/Users/ignore/Documents/Selenium/69_untitled"/>
    <property name="os.arch" value="x86_64"/>
    <property name="java.vm.specification.name" value="Java Virtual Machine Specification"/>
    <property name="native.encoding" value="UTF-8"/>
    <property name="java.library.path" value="/Users/ignore/Library/Java/Extensions:/Library/Java/Extensions:/Network/Library/Java/Extensions:/System/Library/Java/Extensions:/usr/lib/java:."/>
    <property name="java.vm.info" value="mixed mode, sharing"/>
    <property name="java.vendor" value="Homebrew"/>
    <property name="java.vm.version" value="18.0.1.1+0"/>
    <property name="sun.io.unicode.encoding" value="UnicodeBig"/>
    <property name="socksNonProxyHosts" value="local|*.local|169.254/16|*.169.254/16"/>
    <property name="java.class.version" value="62.0"/>
  </properties>
  <testcase name="testGoogle[TC_001, Gladson, Gladson_Password](1)" classname="tests.Test1" time="12.239">
    <failure message="no such element: Unable to locate element: {&quot;method&quot;:&quot;xpath&quot;,&quot;selector&quot;:&quot;//input[@type=&apos;email&apos;]&quot;}&#10;  (Session info: chrome=103.0.5060.134)&#10;For documentation on this error, please visit: https://selenium.dev/exceptions/#no_such_element&#10;Build info: version: &apos;4.0.0-beta-4&apos;, revision: &apos;29f46d02dd&apos;&#10;System info: host: &apos;IgNOrEs-iMac.local&apos;, ip: &apos;fd94:a79a:9ca5:0:610d:b579:8964:98a2%en0&apos;, os.name: &apos;Mac OS X&apos;, os.arch: &apos;x86_64&apos;, os.version: &apos;10.15.7&apos;, java.version: &apos;18.0.1.1&apos;&#10;Driver info: org.openqa.selenium.chrome.ChromeDriver&#10;Command: [093e6cccb947c441dd23acdfb83e338d, findElement {using=xpath, value=//input[@type=&apos;email&apos;]}]&#10;Capabilities {acceptInsecureCerts: false, browserName: chrome, browserVersion: 103.0.5060.134, chrome: {chromedriverVersion: 103.0.5060.134 (8ec6fce403b..., userDataDir: /var/folders/0x/404db83n0l3...}, goog:chromeOptions: {debuggerAddress: localhost:62638}, javascriptEnabled: true, networkConnectionEnabled: false, pageLoadStrategy: normal, platform: MAC, platformName: MAC, proxy: Proxy(), se:cdp: ws://localhost:62638/devtoo..., se:cdpVersion: 103.0.5060.134, setWindowRect: true, strictFileInteractability: false, timeouts: {implicit: 0, pageLoad: 300000, script: 30000}, unhandledPromptBehavior: dismiss and notify, webauthn:extension:credBlob: true, webauthn:extension:largeBlob: true, webauthn:virtualAuthenticators: true}&#10;Session ID: 093e6cccb947c441dd23acdfb83e338d" type="org.openqa.selenium.NoSuchElementException"><![CDATA[org.openqa.selenium.NoSuchElementException: 
no such element: Unable to locate element: {"method":"xpath","selector":"//input[@type='email']"}
  (Session info: chrome=103.0.5060.134)
For documentation on this error, please visit: https://selenium.dev/exceptions/#no_such_element
Build info: version: '4.0.0-beta-4', revision: '29f46d02dd'
System info: host: 'IgNOrEs-iMac.local', ip: 'fd94:a79a:9ca5:0:610d:b579:8964:98a2%en0', os.name: 'Mac OS X', os.arch: 'x86_64', os.version: '10.15.7', java.version: '18.0.1.1'
Driver info: org.openqa.selenium.chrome.ChromeDriver
Command: [093e6cccb947c441dd23acdfb83e338d, findElement {using=xpath, value=//input[@type='email']}]
Capabilities {acceptInsecureCerts: false, browserName: chrome, browserVersion: 103.0.5060.134, chrome: {chromedriverVersion: 103.0.5060.134 (8ec6fce403b..., userDataDir: /var/folders/0x/404db83n0l3...}, goog:chromeOptions: {debuggerAddress: localhost:62638}, javascriptEnabled: true, networkConnectionEnabled: false, pageLoadStrategy: normal, platform: MAC, platformName: MAC, proxy: Proxy(), se:cdp: ws://localhost:62638/devtoo..., se:cdpVersion: 103.0.5060.134, setWindowRect: true, strictFileInteractability: false, timeouts: {implicit: 0, pageLoad: 300000, script: 30000}, unhandledPromptBehavior: dismiss and notify, webauthn:extension:credBlob: true, webauthn:extension:largeBlob: true, webauthn:virtualAuthenticators: true}
Session ID: 093e6cccb947c441dd23acdfb83e338d
	at java.base/jdk.internal.reflect.DirectConstructorHandleAccessor.newInstance(DirectConstructorHandleAccessor.java:67)
	at java.base/java.lang.reflect.Constructor.newInstanceWithCaller(Constructor.java:499)
	at java.base/java.lang.reflect.Constructor.newInstance(Constructor.java:483)
	at org.openqa.selenium.remote.codec.w3c.W3CHttpResponseCodec.createException(W3CHttpResponseCodec.java:200)
	at org.openqa.selenium.remote.codec.w3c.W3CHttpResponseCodec.decode(W3CHttpResponseCodec.java:133)
	at org.openqa.selenium.remote.codec.w3c.W3CHttpResponseCodec.decode(W3CHttpResponseCodec.java:53)
	at org.openqa.selenium.remote.HttpCommandExecutor.execute(HttpCommandExecutor.java:184)
	at org.openqa.selenium.remote.service.DriverCommandExecutor.invokeExecute(DriverCommandExecutor.java:162)
	at org.openqa.selenium.remote.service.DriverCommandExecutor.execute(DriverCommandExecutor.java:137)
	at org.openqa.selenium.remote.RemoteWebDriver.execute(RemoteWebDriver.java:612)
	at org.openqa.selenium.remote.RemoteWebDriver$Mechanism$2.findElement(RemoteWebDriver.java:1251)
	at org.openqa.selenium.remote.RemoteWebDriver.findElement(RemoteWebDriver.java:379)
	at org.openqa.selenium.remote.RemoteWebDriver.findElement(RemoteWebDriver.java:373)
	at org.openqa.selenium.support.pagefactory.DefaultElementLocator.findElement(DefaultElementLocator.java:70)
	at org.openqa.selenium.support.pagefactory.internal.LocatingElementHandler.invoke(LocatingElementHandler.java:39)
	at jdk.proxy2/jdk.proxy2.$Proxy27.sendKeys(Unknown Source)
	at pageObjects.pages.GMailPageObjects.enterEmailID(GMailPageObjects.java:24)
	at tests.Test1.testGoogle(Test1.java:19)
	at java.base/jdk.internal.reflect.DirectMethodHandleAccessor.invoke(DirectMethodHandleAccessor.java:104)
	at java.base/java.lang.reflect.Method.invoke(Method.java:577)
	at org.testng.internal.MethodInvocationHelper.invokeMethod(MethodInvocationHelper.java:133)
	at org.testng.internal.TestInvoker.invokeMethod(TestInvoker.java:598)
	at org.testng.internal.TestInvoker.invokeTestMethod(TestInvoker.java:173)
	at org.testng.internal.TestMethodWithDataProviderMethodWorker.call(TestMethodWithDataProviderMethodWorker.java:77)
	at org.testng.internal.TestMethodWithDataProviderMethodWorker.call(TestMethodWithDataProviderMethodWorker.java:15)
	at java.base/java.util.concurrent.FutureTask.run(FutureTask.java:264)
	at java.base/java.util.concurrent.Executors$RunnableAdapter.call(Executors.java:539)
	at java.base/java.util.concurrent.FutureTask.run(FutureTask.java:264)
	at java.base/java.util.concurrent.ThreadPoolExecutor.runWorker(ThreadPoolExecutor.java:1136)
	at java.base/java.util.concurrent.ThreadPoolExecutor$Worker.run(ThreadPoolExecutor.java:635)
	at java.base/java.lang.Thread.run(Thread.java:833)
]]></failure>
    <system-out><![CDATA[Browser: Chrome
WebsiteURL: https://www.google.co.in/
]]></system-out>
    <system-err><![CDATA[log4j:WARN No appenders could be found for logger (io.github.bonigarcia.wdm.cache.ResolutionCache).
log4j:WARN Please initialize the log4j system properly.
log4j:WARN See http://logging.apache.org/log4j/1.2/faq.html#noconfig for more info.
ERROR StatusLogger Log4j2 could not find a logging implementation. Please add log4j-core to the classpath. Using SimpleLogger to log to the console...
Starting ChromeDriver 103.0.5060.134 (8ec6fce403b3feb0869b0732eda8bd95011d333c-refs/branch-heads/5060@{#1262}) on port 38371
Only local connections are allowed.
Please see https://chromedriver.chromium.org/security-considerations for suggestions on keeping ChromeDriver safe.
ChromeDriver was started successfully.
Aug 07, 2022 2:40:29 PM org.openqa.selenium.remote.ProtocolHandshake createSession
INFO: Detected dialect: W3C
Aug 07, 2022 2:40:29 PM org.openqa.selenium.devtools.CdpVersionFinder findNearestMatch
WARNING: Unable to find an exact match for CDP version 103, so returning the closest version found: a no-op implementation
Aug 07, 2022 2:40:29 PM org.openqa.selenium.devtools.CdpVersionFinder findNearestMatch
INFO: Unable to find CDP implementation matching 103.
Aug 07, 2022 2:40:29 PM org.openqa.selenium.chromium.ChromiumDriver lambda$new$2
WARNING: Unable to find version of CDP to use for . You may need to include a dependency on a specific version of the CDP using something similar to `org.seleniumhq.selenium:selenium-devtools-v86:4.0.0-beta-4` where the version ("v86") matches the version of the chromium-based browser you're using and the version number of the artifact is the same as Selenium's.
]]></system-err>
  </testcase>
</testsuite>