<?xml version="1.0" encoding="UTF-8"?>
<!-- Generated by org.testng.reporters.JUnitReportReporter -->
<testsuite hostname="c4964ff105f3" failures="0" tests="5" name="tests.RegisteredUserCheckoutTest" time="0.000" errors="0" timestamp="2022-09-06T13:49:47 UTC" skipped="5">
  <testcase classname="tests.RegisteredUserCheckoutTest" name="testRegistrationPage" time="0.000">
    <skipped/>
  </testcase> <!-- testRegistrationPage -->
  <system-out/>
  <testcase classname="tests.RegisteredUserCheckoutTest" name="searchForItemAndAddItToCart" time="0.000">
    <skipped/>
  </testcase> <!-- searchForItemAndAddItToCart -->
  <system-out/>
  <testcase classname="tests.RegisteredUserCheckoutTest" name="userCanAddToCart" time="0.000">
    <skipped/>
  </testcase> <!-- userCanAddToCart -->
  <system-out/>
  <testcase classname="tests.RegisteredUserCheckoutTest" name="downloadAndPrintInvoice" time="0.000">
    <skipped/>
  </testcase> <!-- downloadAndPrintInvoice -->
  <system-out/>
  <testcase classname="tests.RegisteredUserCheckoutTest" name="testClickingLogout" time="0.000">
    <skipped/>
  </testcase> <!-- testClickingLogout -->
  <system-out/>
</testsuite> <!-- tests.RegisteredUserCheckoutTest -->
