<?xml version="1.0" encoding="UTF-8"?>
<!-- Generated by org.testng.reporters.JUnitReportReporter -->
<testsuite hostname="c4964ff105f3" failures="0" tests="1" name="tests.ContactUsPageTest" time="0.000" errors="0" timestamp="2022-09-06T13:49:47 UTC" skipped="1">
  <testcase classname="tests.ContactUsPageTest" name="fillContactUsForm" time="0.000">
    <skipped/>
  </testcase> <!-- fillContactUsForm -->
  <system-out/>
</testsuite> <!-- tests.ContactUsPageTest -->
