<?xml version="1.0" encoding="UTF-8"?>
<!-- Generated by org.testng.reporters.JUnitReportReporter -->
<testsuite hostname="c4964ff105f3" failures="0" tests="3" name="tests.WishlistPageTest" time="0.000" errors="0" timestamp="2022-09-06T13:49:47 UTC" skipped="3">
  <testcase classname="tests.WishlistPageTest" name="searchForItemUsingAutoSuggession" time="0.000">
    <skipped/>
  </testcase> <!-- searchForItemUsingAutoSuggession -->
  <system-out/>
  <testcase classname="tests.WishlistPageTest" name="addProductTowishlist" time="0.000">
    <skipped/>
  </testcase> <!-- addProductTowishlist -->
  <system-out/>
  <testcase classname="tests.WishlistPageTest" name="removeProductFromWishlist" time="0.000">
    <skipped/>
  </testcase> <!-- removeProductFromWishlist -->
  <system-out/>
</testsuite> <!-- tests.WishlistPageTest -->
