<?xml version="1.0" encoding="UTF-8"?>
<!-- Generated by org.testng.reporters.JUnitReportReporter -->
<testsuite hostname="c4964ff105f3" failures="0" tests="4" name="tests.EmailFriendPageTest" time="0.000" errors="0" timestamp="2022-09-06T13:49:47 UTC" skipped="4">
  <testcase classname="tests.EmailFriendPageTest" name="testRegistrationPage" time="0.000">
    <skipped/>
  </testcase> <!-- testRegistrationPage -->
  <system-out/>
  <testcase classname="tests.EmailFriendPageTest" name="searchForItem" time="0.000">
    <skipped/>
  </testcase> <!-- searchForItem -->
  <system-out/>
  <testcase classname="tests.EmailFriendPageTest" name="emailAFriend" time="0.000">
    <skipped/>
  </testcase> <!-- emailAFriend -->
  <system-out/>
  <testcase classname="tests.EmailFriendPageTest" name="testClickingLogout" time="0.000">
    <skipped/>
  </testcase> <!-- testClickingLogout -->
  <system-out/>
</testsuite> <!-- tests.EmailFriendPageTest -->
