<?xml version="1.0" encoding="UTF-8"?>
<!-- Generated by org.testng.reporters.JUnitReportReporter -->
<testsuite hostname="c4964ff105f3" failures="0" tests="3" name="tests.ChangeCurrencyTest" time="0.000" errors="0" timestamp="2022-09-06T13:49:47 UTC" skipped="3">
  <testcase classname="tests.ChangeCurrencyTest" name="userCanChangecurrency" time="0.000">
    <skipped/>
  </testcase> <!-- userCanChangecurrency -->
  <system-out/>
  <testcase classname="tests.ChangeCurrencyTest" name="searchForItemUsingAutoSuggession" time="0.000">
    <skipped/>
  </testcase> <!-- searchForItemUsingAutoSuggession -->
  <system-out/>
  <testcase classname="tests.ChangeCurrencyTest" name="userCanChangecurrencyAgain" time="0.000">
    <skipped/>
  </testcase> <!-- userCanChangecurrencyAgain -->
  <system-out/>
</testsuite> <!-- tests.ChangeCurrencyTest -->
