<?xml version="1.0" encoding="UTF-8"?>
<testsuite xmlns:xsi="http://www.w3.org/2001/XMLSchema-instance" xsi:schemaLocation="https://maven.apache.org/surefire/maven-surefire-plugin/xsd/surefire-test-report.xsd" name="TestSuite" time="8.343" tests="92" errors="0" skipped="91" failures="1">
  <properties>
    <property name="java.runtime.name" value="OpenJDK Runtime Environment"/>
    <property name="java.vm.version" value="18.0.1.1+0"/>
    <property name="sun.boot.library.path" value="/usr/local/Cellar/openjdk/18.0.1.1/libexec/openjdk.jdk/Contents/Home/lib"/>
    <property name="maven.multiModuleProjectDirectory" value="/Users/ignore/Documents/Selenium/67_untitled"/>
    <property name="java.vm.vendor" value="Homebrew"/>
    <property name="java.vendor.url" value="https://github.com/Homebrew/homebrew-core/issues"/>
    <property name="guice.disable.misplaced.annotation.check" value="true"/>
    <property name="path.separator" value=":"/>
    <property name="java.vm.name" value="OpenJDK 64-Bit Server VM"/>
    <property name="user.country" value="UA"/>
    <property name="sun.java.launcher" value="SUN_STANDARD"/>
    <property name="java.vm.specification.name" value="Java Virtual Machine Specification"/>
    <property name="user.dir" value="/Users/ignore/Documents/Selenium/67_untitled"/>
    <property name="java.vm.compressedOopsMode" value="Zero based"/>
    <property name="java.runtime.version" value="18.0.1.1+0"/>
    <property name="os.arch" value="x86_64"/>
    <property name="java.io.tmpdir" value="/var/folders/0x/404db83n0l3f2zy_fzdv78440000gn/T/"/>
    <property name="line.separator" value="&#10;"/>
    <property name="java.vm.specification.vendor" value="Oracle Corporation"/>
    <property name="os.name" value="Mac OS X"/>
    <property name="classworlds.conf" value="/usr/local/Cellar/maven/3.8.6/libexec/bin/m2.conf"/>
    <property name="sun.jnu.encoding" value="UTF-8"/>
    <property name="java.library.path" value="/Users/ignore/Library/Java/Extensions:/Library/Java/Extensions:/Network/Library/Java/Extensions:/System/Library/Java/Extensions:/usr/lib/java:."/>
    <property name="maven.conf" value="/usr/local/Cellar/maven/3.8.6/libexec/conf"/>
    <property name="jdk.debug" value="release"/>
    <property name="java.class.version" value="62.0"/>
    <property name="java.specification.name" value="Java Platform API Specification"/>
    <property name="sun.management.compiler" value="HotSpot 64-Bit Tiered Compilers"/>
    <property name="os.version" value="10.15.7"/>
    <property name="library.jansi.path" value="/usr/local/Cellar/maven/3.8.6/libexec/lib/jansi-native"/>
    <property name="http.nonProxyHosts" value="local|*.local|169.254/16|*.169.254/16"/>
    <property name="user.home" value="/Users/ignore"/>
    <property name="user.timezone" value="Europe/Kiev"/>
    <property name="file.encoding" value="UTF-8"/>
    <property name="java.specification.version" value="18"/>
    <property name="user.name" value="ignore"/>
    <property name="java.class.path" value="/usr/local/Cellar/maven/3.8.6/libexec/boot/plexus-classworlds-2.6.0.jar"/>
    <property name="java.vm.specification.version" value="18"/>
    <property name="sun.arch.data.model" value="64"/>
    <property name="sun.java.command" value="org.codehaus.plexus.classworlds.launcher.Launcher clean test"/>
    <property name="java.home" value="/usr/local/Cellar/openjdk/18.0.1.1/libexec/openjdk.jdk/Contents/Home"/>
    <property name="apple.awt.application.name" value="Launcher"/>
    <property name="user.language" value="en"/>
    <property name="java.specification.vendor" value="Oracle Corporation"/>
    <property name="java.vm.info" value="mixed mode, sharing"/>
    <property name="java.version" value="18.0.1.1"/>
    <property name="native.encoding" value="UTF-8"/>
    <property name="java.vendor" value="Homebrew"/>
    <property name="sun.stderr.encoding" value="UTF-8"/>
    <property name="maven.home" value="/usr/local/Cellar/maven/3.8.6/libexec"/>
    <property name="file.separator" value="/"/>
    <property name="java.version.date" value="2022-04-22"/>
    <property name="java.vendor.url.bug" value="https://github.com/Homebrew/homebrew-core/issues"/>
    <property name="sun.io.unicode.encoding" value="UnicodeBig"/>
    <property name="sun.cpu.endian" value="little"/>
    <property name="java.vendor.version" value="Homebrew"/>
    <property name="sun.stdout.encoding" value="UTF-8"/>
    <property name="socksNonProxyHosts" value="local|*.local|169.254/16|*.169.254/16"/>
    <property name="ftp.nonProxyHosts" value="local|*.local|169.254/16|*.169.254/16"/>
  </properties>
  <testcase name="startDriver" classname="tests.WishlistPageTest" time="1.968">
    <failure type="java.lang.NullPointerException">java.lang.NullPointerException
</failure>
    <system-err><![CDATA[SLF4J: Failed to load class "org.slf4j.impl.StaticLoggerBinder".
SLF4J: Defaulting to no-operation (NOP) logger implementation
SLF4J: See http://www.slf4j.org/codes.html#StaticLoggerBinder for further details.
]]></system-err>
  </testcase>
  <testcase name="searchForItemUsingAutoSuggession" classname="tests.WishlistPageTest" time="0">
    <skipped/>
    <system-out><![CDATA[No features found at [classpath:tests]
]]></system-out>
  </testcase>
  <testcase name="takeScreenshotOnFailure" classname="tests.WishlistPageTest" time="0">
    <skipped/>
  </testcase>
  <testcase name="takeScreenshotOnFailure" classname="tests.WishlistPageTest" time="0">
    <skipped/>
  </testcase>
  <testcase name="takeScreenshotOnFailure" classname="tests.WishlistPageTest" time="0">
    <skipped/>
  </testcase>
  <testcase name="addProductTowishlist" classname="tests.WishlistPageTest" time="0">
    <skipped/>
  </testcase>
  <testcase name="removeProductFromWishlist" classname="tests.WishlistPageTest" time="0">
    <skipped/>
  </testcase>
  <testcase name="searchForItemAndAddItToCart" classname="tests.GuestCheckoutTest" time="0">
    <skipped/>
    <system-out><![CDATA[
0 Scenarios
0 Steps
0m0.000s

No features found at [classpath:tests]
]]></system-out>
  </testcase>
  <testcase name="takeScreenshotOnFailure" classname="tests.GuestCheckoutTest" time="0">
    <skipped/>
  </testcase>
  <testcase name="takeScreenshotOnFailure" classname="tests.GuestCheckoutTest" time="0">
    <skipped/>
  </testcase>
  <testcase name="takeScreenshotOnFailure" classname="tests.GuestCheckoutTest" time="0">
    <skipped/>
  </testcase>
  <testcase name="takeScreenshotOnFailure" classname="tests.GuestCheckoutTest" time="0">
    <skipped/>
  </testcase>
  <testcase name="userCanAddToCart" classname="tests.GuestCheckoutTest" time="0">
    <skipped/>
  </testcase>
  <testcase name="guestUserCanCheckout" classname="tests.GuestCheckoutTest" time="0">
    <skipped/>
  </testcase>
  <testcase name="downloadAndPrintInvoice" classname="tests.GuestCheckoutTest" time="0">
    <skipped/>
  </testcase>
  <testcase name="testRegistrationPage" classname="tests.EmailFriendPageTest" time="0">
    <skipped/>
    <system-out><![CDATA[
0 Scenarios
0 Steps
0m0.000s

No features found at [classpath:tests]
]]></system-out>
  </testcase>
  <testcase name="takeScreenshotOnFailure" classname="tests.EmailFriendPageTest" time="0">
    <skipped/>
  </testcase>
  <testcase name="takeScreenshotOnFailure" classname="tests.EmailFriendPageTest" time="0">
    <skipped/>
  </testcase>
  <testcase name="takeScreenshotOnFailure" classname="tests.EmailFriendPageTest" time="0">
    <skipped/>
  </testcase>
  <testcase name="takeScreenshotOnFailure" classname="tests.EmailFriendPageTest" time="0">
    <skipped/>
  </testcase>
  <testcase name="searchForItem" classname="tests.EmailFriendPageTest" time="0">
    <skipped/>
  </testcase>
  <testcase name="emailAFriend" classname="tests.EmailFriendPageTest" time="0">
    <skipped/>
  </testcase>
  <testcase name="testClickingLogout" classname="tests.EmailFriendPageTest" time="0">
    <skipped/>
  </testcase>
  <testcase name="userCanChangecurrency" classname="tests.ChangeCurrencyTest" time="0">
    <skipped/>
    <system-out><![CDATA[
0 Scenarios
0 Steps
0m0.000s

No features found at [classpath:tests]
]]></system-out>
  </testcase>
  <testcase name="takeScreenshotOnFailure" classname="tests.ChangeCurrencyTest" time="0">
    <skipped/>
  </testcase>
  <testcase name="takeScreenshotOnFailure" classname="tests.ChangeCurrencyTest" time="0">
    <skipped/>
  </testcase>
  <testcase name="takeScreenshotOnFailure" classname="tests.ChangeCurrencyTest" time="0">
    <skipped/>
  </testcase>
  <testcase name="searchForItemUsingAutoSuggession" classname="tests.ChangeCurrencyTest" time="0">
    <skipped/>
  </testcase>
  <testcase name="userCanChangecurrencyAgain" classname="tests.ChangeCurrencyTest" time="0">
    <skipped/>
  </testcase>
  <testcase name="setUp" classname="tests.SeleniumGridRegistrationTest" time="0">
    <skipped/>
    <system-out><![CDATA[
0 Scenarios
0 Steps
0m0.000s

]]></system-out>
  </testcase>
  <testcase name="testRegistrationPage" classname="tests.SeleniumGridRegistrationTest" time="0">
    <skipped/>
  </testcase>
  <testcase name="screenshotOnFailure" classname="tests.SeleniumGridRegistrationTest" time="0">
    <skipped/>
  </testcase>
  <testcase name="screenshotOnFailure" classname="tests.SeleniumGridRegistrationTest" time="0">
    <skipped/>
  </testcase>
  <testcase name="screenshotOnFailure" classname="tests.SeleniumGridRegistrationTest" time="0">
    <skipped/>
  </testcase>
  <testcase name="screenshotOnFailure" classname="tests.SeleniumGridRegistrationTest" time="0">
    <skipped/>
  </testcase>
  <testcase name="testClickingLogout" classname="tests.SeleniumGridRegistrationTest" time="0">
    <skipped/>
  </testcase>
  <testcase name="testClickingLogin" classname="tests.SeleniumGridRegistrationTest" time="0">
    <skipped/>
  </testcase>
  <testcase name="testClickingLogoutAgain" classname="tests.SeleniumGridRegistrationTest" time="0">
    <skipped/>
  </testcase>
  <testcase name="stopDriver" classname="tests.SeleniumGridRegistrationTest" time="0">
    <skipped/>
  </testcase>
  <testcase name="testRegistrationPage" classname="tests.RegisteredUserCheckoutTest" time="0">
    <skipped/>
    <system-out><![CDATA[No features found at [classpath:tests]
]]></system-out>
  </testcase>
  <testcase name="takeScreenshotOnFailure" classname="tests.RegisteredUserCheckoutTest" time="0">
    <skipped/>
  </testcase>
  <testcase name="takeScreenshotOnFailure" classname="tests.RegisteredUserCheckoutTest" time="0">
    <skipped/>
  </testcase>
  <testcase name="takeScreenshotOnFailure" classname="tests.RegisteredUserCheckoutTest" time="0">
    <skipped/>
  </testcase>
  <testcase name="takeScreenshotOnFailure" classname="tests.RegisteredUserCheckoutTest" time="0">
    <skipped/>
  </testcase>
  <testcase name="takeScreenshotOnFailure" classname="tests.RegisteredUserCheckoutTest" time="0">
    <skipped/>
  </testcase>
  <testcase name="searchForItemAndAddItToCart" classname="tests.RegisteredUserCheckoutTest" time="0">
    <skipped/>
  </testcase>
  <testcase name="userCanAddToCart" classname="tests.RegisteredUserCheckoutTest" time="0">
    <skipped/>
  </testcase>
  <testcase name="downloadAndPrintInvoice" classname="tests.RegisteredUserCheckoutTest" time="0">
    <skipped/>
  </testcase>
  <testcase name="testClickingLogout" classname="tests.RegisteredUserCheckoutTest" time="0">
    <skipped/>
  </testcase>
  <testcase name="userCanHoverMenu" classname="tests.HoverMenuTest" time="0">
    <skipped/>
    <system-out><![CDATA[
0 Scenarios
0 Steps
0m0.000s

No features found at [classpath:tests]
]]></system-out>
  </testcase>
  <testcase name="takeScreenshotOnFailure" classname="tests.HoverMenuTest" time="0">
    <skipped/>
  </testcase>
  <testcase name="fillContactUsForm" classname="tests.ContactUsPageTest" time="0">
    <skipped/>
    <system-out><![CDATA[
0 Scenarios
0 Steps
0m0.000s

No features found at [classpath:tests]
]]></system-out>
  </testcase>
  <testcase name="takeScreenshotOnFailure" classname="tests.ContactUsPageTest" time="0">
    <skipped/>
  </testcase>
  <testcase name="testRegistrationPage" classname="tests.RegistrationPageTest" time="0">
    <skipped/>
    <system-out><![CDATA[
0 Scenarios
0 Steps
0m0.000s

No features found at [classpath:tests]
]]></system-out>
  </testcase>
  <testcase name="takeScreenshotOnFailure" classname="tests.RegistrationPageTest" time="0">
    <skipped/>
  </testcase>
  <testcase name="takeScreenshotOnFailure" classname="tests.RegistrationPageTest" time="0">
    <skipped/>
  </testcase>
  <testcase name="takeScreenshotOnFailure" classname="tests.RegistrationPageTest" time="0">
    <skipped/>
  </testcase>
  <testcase name="takeScreenshotOnFailure" classname="tests.RegistrationPageTest" time="0">
    <skipped/>
  </testcase>
  <testcase name="testClickingLogout" classname="tests.RegistrationPageTest" time="0">
    <skipped/>
  </testcase>
  <testcase name="testClickingLogin" classname="tests.RegistrationPageTest" time="0">
    <skipped/>
  </testcase>
  <testcase name="testClickingLogoutAgain" classname="tests.RegistrationPageTest" time="0">
    <skipped/>
  </testcase>
  <testcase name="searchForItemsAndAddThemToCompareList" classname="tests.AddToCompareListTest" time="0">
    <skipped/>
    <system-out><![CDATA[
0 Scenarios
0 Steps
0m0.000s

No features found at [classpath:tests]

0 Scenarios
0 Steps
0m0.000s

No features found at [classpath:tests]
]]></system-out>
  </testcase>
  <testcase name="takeScreenshotOnFailure" classname="tests.AddToCompareListTest" time="0">
    <skipped/>
  </testcase>
  <testcase name="takeScreenshotOnFailure" classname="tests.AddToCompareListTest" time="0">
    <skipped/>
  </testcase>
  <testcase name="clearCompareListItems" classname="tests.AddToCompareListTest" time="0">
    <skipped/>
  </testcase>
  <testcase name="searchForItemAndAddItToCart" classname="tests.AddToCartPageTest" time="0">
    <skipped/>
    <system-out><![CDATA[
0 Scenarios
0 Steps
0m0.000s

No features found at [classpath:tests]
]]></system-out>
  </testcase>
  <testcase name="takeScreenshotOnFailure" classname="tests.AddToCartPageTest" time="0">
    <skipped/>
  </testcase>
  <testcase name="takeScreenshotOnFailure" classname="tests.AddToCartPageTest" time="0">
    <skipped/>
  </testcase>
  <testcase name="takeScreenshotOnFailure" classname="tests.AddToCartPageTest" time="0">
    <skipped/>
  </testcase>
  <testcase name="takeScreenshotOnFailure" classname="tests.AddToCartPageTest" time="0">
    <skipped/>
  </testcase>
  <testcase name="userCanAddToCart" classname="tests.AddToCartPageTest" time="0">
    <skipped/>
  </testcase>
  <testcase name="userCanChangeQuantity" classname="tests.AddToCartPageTest" time="0">
    <skipped/>
  </testcase>
  <testcase name="userCanClearCart" classname="tests.AddToCartPageTest" time="0">
    <skipped/>
  </testcase>
  <testcase name="testRegistrationPage" classname="tests.AddReviewPageTest" time="0">
    <skipped/>
    <system-out><![CDATA[
0 Scenarios
0 Steps
0m0.000s

No features found at [classpath:tests]
]]></system-out>
  </testcase>
  <testcase name="takeScreenshotOnFailure" classname="tests.AddReviewPageTest" time="0">
    <skipped/>
  </testcase>
  <testcase name="takeScreenshotOnFailure" classname="tests.AddReviewPageTest" time="0">
    <skipped/>
  </testcase>
  <testcase name="takeScreenshotOnFailure" classname="tests.AddReviewPageTest" time="0">
    <skipped/>
  </testcase>
  <testcase name="takeScreenshotOnFailure" classname="tests.AddReviewPageTest" time="0">
    <skipped/>
  </testcase>
  <testcase name="searchForItem" classname="tests.AddReviewPageTest" time="0">
    <skipped/>
  </testcase>
  <testcase name="addProductReview" classname="tests.AddReviewPageTest" time="0">
    <skipped/>
  </testcase>
  <testcase name="testClickingLogout" classname="tests.AddReviewPageTest" time="0">
    <skipped/>
  </testcase>
  <testcase name="searchForItemUsingAutoSuggession" classname="tests.SearchPageTest" time="0">
    <skipped/>
    <system-out><![CDATA[
0 Scenarios
0 Steps
0m0.000s

No features found at [classpath:tests]
]]></system-out>
  </testcase>
  <testcase name="takeScreenshotOnFailure" classname="tests.SearchPageTest" time="0">
    <skipped/>
  </testcase>
  <testcase name="testRegistrationPage" classname="tests.MyAccountPageTest" time="0">
    <skipped/>
    <system-out><![CDATA[
0 Scenarios
0 Steps
0m0.000s

No features found at [classpath:tests]
]]></system-out>
  </testcase>
  <testcase name="takeScreenshotOnFailure" classname="tests.MyAccountPageTest" time="0">
    <skipped/>
  </testcase>
  <testcase name="takeScreenshotOnFailure" classname="tests.MyAccountPageTest" time="0">
    <skipped/>
  </testcase>
  <testcase name="takeScreenshotOnFailure" classname="tests.MyAccountPageTest" time="0">
    <skipped/>
  </testcase>
  <testcase name="takeScreenshotOnFailure" classname="tests.MyAccountPageTest" time="0">
    <skipped/>
  </testcase>
  <testcase name="testChangePassword" classname="tests.MyAccountPageTest" time="0">
    <skipped/>
  </testcase>
  <testcase name="testClickingLogout" classname="tests.MyAccountPageTest" time="0">
    <skipped/>
  </testcase>
  <testcase name="testClickingLogin" classname="tests.MyAccountPageTest" time="0">
    <skipped/>
  </testcase>
  <testcase name="stopDriver" classname="tests.WishlistPageTest" time="0">
    <skipped/>
    <system-out><![CDATA[
0 Scenarios
0 Steps
0m0.000s

]]></system-out>
  </testcase>
</testsuite>