<?xml version="1.0" encoding="UTF-8"?>
<!-- Generated by org.testng.reporters.JUnitReportReporter -->
<testsuite hostname="IgNOrEs-iMac.local" failures="0" tests="1" name="levelsetTests.TestLevelset" time="0.000" errors="0" timestamp="2022-08-05T21:57:00 EEST" skipped="1">
  <testcase classname="levelsetTests.TestLevelset" name="TestDocuments" time="0.000">
    <skipped/>
  </testcase> <!-- TestDocuments -->
  <system-out/>
</testsuite> <!-- levelsetTests.TestLevelset -->
