<?xml version="1.0" encoding="UTF-8"?>
<!-- Generated by org.testng.reporters.JUnitReportReporter -->
<testsuite hostname="IgNOrEs-iMac.local" failures="0" tests="3" name="tests.ChangeCurrencyTest" time="0.000" errors="0" timestamp="2022-09-03T19:28:19 EEST" skipped="3">
  <testcase classname="tests.ChangeCurrencyTest" name="userCanChangecurrency" time="0.000">
    <skipped/>
  </testcase> <!-- userCanChangecurrency -->
  <system-out/>
  <testcase classname="tests.ChangeCurrencyTest" name="searchForItemUsingAutoSuggession" time="0.000">
    <skipped/>
  </testcase> <!-- searchForItemUsingAutoSuggession -->
  <system-out/>
  <testcase classname="tests.ChangeCurrencyTest" name="userCanChangecurrencyAgain" time="0.000">
    <skipped/>
  </testcase> <!-- userCanChangecurrencyAgain -->
  <system-out/>
</testsuite> <!-- tests.ChangeCurrencyTest -->
