<?xml version="1.0" encoding="UTF-8"?>
<!-- Generated by org.testng.reporters.JUnitReportReporter -->
<testsuite hostname="IgNOrEs-iMac.local" failures="0" tests="1" name="tests.HoverMenuTest" time="0.000" errors="0" timestamp="2022-09-03T19:28:19 EEST" skipped="1">
  <testcase classname="tests.HoverMenuTest" name="userCanHoverMenu" time="0.000">
    <skipped/>
  </testcase> <!-- userCanHoverMenu -->
  <system-out/>
</testsuite> <!-- tests.HoverMenuTest -->
