<?xml version="1.0" encoding="UTF-8"?>
<!-- Generated by org.testng.reporters.JUnitReportReporter -->
<testsuite hostname="IgNOrEs-iMac.local" failures="0" tests="2" name="tests.AddToCompareListTest" time="20.422" errors="0" timestamp="2022-10-03T21:52:43 EEST" skipped="0">
  <testcase classname="tests.AddToCompareListTest" name="searchForItemsAndAddThemToCompareList" time="14.757"/>
  <system-out/>
  <testcase classname="tests.AddToCompareListTest" name="clearCompareListItems" time="5.665"/>
  <system-out/>
</testsuite> <!-- tests.AddToCompareListTest -->
