<?xml version="1.0" encoding="UTF-8"?>
<!-- Generated by org.testng.reporters.JUnitReportReporter -->
<testsuite hostname="IgNOrEs-iMac.local" failures="0" tests="4" name="tests.AddReviewPageTest" time="12.052" errors="0" timestamp="2022-10-03T21:52:43 EEST" skipped="0">
  <testcase classname="tests.AddReviewPageTest" name="testRegistrationPage" time="1.484"/>
  <system-out/>
  <testcase classname="tests.AddReviewPageTest" name="searchForItem" time="3.730"/>
  <system-out/>
  <testcase classname="tests.AddReviewPageTest" name="addProductReview" time="6.162"/>
  <system-out/>
  <testcase classname="tests.AddReviewPageTest" name="testClickingLogout" time="0.676"/>
  <system-out/>
</testsuite> <!-- tests.AddReviewPageTest -->
