<?xml version="1.0" encoding="UTF-8"?>
<!-- Generated by org.testng.reporters.JUnitReportReporter -->
<testsuite hostname="IgNOrEs-iMac.local" failures="0" tests="4" name="tests.GuestCheckoutTest" time="40.502" errors="0" timestamp="2022-10-03T21:52:43 EEST" skipped="0">
  <testcase classname="tests.GuestCheckoutTest" name="searchForItemAndAddItToCart" time="5.913"/>
  <system-out/>
  <testcase classname="tests.GuestCheckoutTest" name="userCanAddToCart" time="7.960"/>
  <system-out/>
  <testcase classname="tests.GuestCheckoutTest" name="guestUserCanCheckout" time="17.027"/>
  <system-out/>
  <testcase classname="tests.GuestCheckoutTest" name="downloadAndPrintInvoice" time="9.602"/>
  <system-out/>
</testsuite> <!-- tests.GuestCheckoutTest -->
