<?xml version="1.0" encoding="UTF-8"?>
<!-- Generated by org.testng.reporters.JUnitReportReporter -->
<testsuite hostname="IgNOrEs-iMac.local" failures="0" tests="2" name="tests.AddToCompareListTest" time="0.000" errors="0" timestamp="2022-09-03T19:28:19 EEST" skipped="2">
  <testcase classname="tests.AddToCompareListTest" name="searchForItemsAndAddThemToCompareList" time="0.000">
    <skipped/>
  </testcase> <!-- searchForItemsAndAddThemToCompareList -->
  <system-out/>
  <testcase classname="tests.AddToCompareListTest" name="clearCompareListItems" time="0.000">
    <skipped/>
  </testcase> <!-- clearCompareListItems -->
  <system-out/>
</testsuite> <!-- tests.AddToCompareListTest -->
