<?xml version="1.0" encoding="UTF-8"?>
<!-- Generated by org.testng.reporters.JUnitReportReporter -->
<testsuite hostname="IgNOrEs-iMac.local" failures="0" tests="4" name="tests.EmailFriendPageTest" time="22.443" errors="0" timestamp="2022-10-03T21:52:43 EEST" skipped="0">
  <testcase classname="tests.EmailFriendPageTest" name="testRegistrationPage" time="3.967"/>
  <system-out/>
  <testcase classname="tests.EmailFriendPageTest" name="searchForItem" time="8.751"/>
  <system-out/>
  <testcase classname="tests.EmailFriendPageTest" name="emailAFriend" time="3.987"/>
  <system-out/>
  <testcase classname="tests.EmailFriendPageTest" name="testClickingLogout" time="5.738"/>
  <system-out/>
</testsuite> <!-- tests.EmailFriendPageTest -->
