<?xml version="1.0" encoding="UTF-8"?>
<!-- Generated by org.testng.reporters.JUnitReportReporter -->
<testsuite hostname="IgNOrEs-iMac.local" failures="0" tests="4" name="tests.MyAccountPageTest" time="21.401" errors="0" timestamp="2022-10-03T21:52:43 EEST" skipped="0">
  <testcase classname="tests.MyAccountPageTest" name="testRegistrationPage" time="6.472"/>
  <system-out/>
  <testcase classname="tests.MyAccountPageTest" name="testChangePassword" time="5.239"/>
  <system-out/>
  <testcase classname="tests.MyAccountPageTest" name="testClickingLogout" time="7.760"/>
  <system-out/>
  <testcase classname="tests.MyAccountPageTest" name="testClickingLogin" time="1.930"/>
  <system-out/>
</testsuite> <!-- tests.MyAccountPageTest -->
