<?xml version="1.0" encoding="UTF-8"?>
<!-- Generated by org.testng.reporters.JUnitReportReporter -->
<testsuite hostname="IgNOrEs-iMac.local" failures="0" tests="4" name="tests.AddToCartPageTest" time="13.913" errors="0" timestamp="2022-10-03T21:52:43 EEST" skipped="0">
  <testcase classname="tests.AddToCartPageTest" name="searchForItemAndAddItToCart" time="3.697"/>
  <system-out/>
  <testcase classname="tests.AddToCartPageTest" name="userCanAddToCart" time="2.847"/>
  <system-out/>
  <testcase classname="tests.AddToCartPageTest" name="userCanChangeQuantity" time="5.578"/>
  <system-out/>
  <testcase classname="tests.AddToCartPageTest" name="userCanClearCart" time="1.791"/>
  <system-out/>
</testsuite> <!-- tests.AddToCartPageTest -->
