<?xml version="1.0" encoding="UTF-8"?>
<!-- Generated by org.testng.reporters.JUnitReportReporter -->
<testsuite hostname="IgNOrEs-iMac.local" failures="0" tests="4" name="tests.RegistrationPageTest" time="0.000" errors="0" timestamp="2022-09-03T19:28:19 EEST" skipped="4">
  <testcase classname="tests.RegistrationPageTest" name="testRegistrationPage" time="0.000">
    <skipped/>
  </testcase> <!-- testRegistrationPage -->
  <system-out/>
  <testcase classname="tests.RegistrationPageTest" name="testClickingLogout" time="0.000">
    <skipped/>
  </testcase> <!-- testClickingLogout -->
  <system-out/>
  <testcase classname="tests.RegistrationPageTest" name="testClickingLogin" time="0.000">
    <skipped/>
  </testcase> <!-- testClickingLogin -->
  <system-out/>
  <testcase classname="tests.RegistrationPageTest" name="testClickingLogoutAgain" time="0.000">
    <skipped/>
  </testcase> <!-- testClickingLogoutAgain -->
  <system-out/>
</testsuite> <!-- tests.RegistrationPageTest -->
