<?xml version="1.0" encoding="UTF-8"?>
<!-- Generated by org.testng.reporters.JUnitReportReporter -->
<testsuite hostname="IgNOrEs-iMac.local" failures="0" tests="4" name="tests.RegistrationPageTest" time="11.309" errors="0" timestamp="2022-10-03T21:52:43 EEST" skipped="0">
  <testcase classname="tests.RegistrationPageTest" name="testRegistrationPage" time="3.650"/>
  <system-out/>
  <testcase classname="tests.RegistrationPageTest" name="testClickingLogout" time="5.726"/>
  <system-out/>
  <testcase classname="tests.RegistrationPageTest" name="testClickingLogin" time="1.288"/>
  <system-out/>
  <testcase classname="tests.RegistrationPageTest" name="testClickingLogoutAgain" time="0.645"/>
  <system-out/>
</testsuite> <!-- tests.RegistrationPageTest -->
