<?xml version="1.0" encoding="UTF-8"?>
<!-- Generated by org.testng.reporters.JUnitReportReporter -->
<testsuite hostname="IgNOrEs-iMac.local" failures="0" tests="3" name="tests.WishlistPageTest" time="14.229" errors="0" timestamp="2022-10-03T21:52:43 EEST" skipped="0">
  <testcase classname="tests.WishlistPageTest" name="searchForItemUsingAutoSuggession" time="4.242"/>
  <system-out/>
  <testcase classname="tests.WishlistPageTest" name="addProductTowishlist" time="4.190"/>
  <system-out/>
  <testcase classname="tests.WishlistPageTest" name="removeProductFromWishlist" time="5.797"/>
  <system-out/>
</testsuite> <!-- tests.WishlistPageTest -->
