<?xml version="1.0" encoding="UTF-8"?>
<!-- Generated by org.testng.reporters.JUnitReportReporter -->
<testsuite hostname="IgNOrEs-iMac.local" failures="0" tests="2" name="tests.SearchPageTest" time="3.793" errors="0" timestamp="2022-10-03T21:52:43 EEST" skipped="1">
  <testcase classname="tests.SearchPageTest" name="searchForItemUsingAutoSuggession" time="3.793"/>
  <system-out/>
  <testcase classname="tests.SearchPageTest" name="searchForItemUsingSearchBtn">
    <skipped/>
  </testcase> <!-- searchForItemUsingSearchBtn -->
  <system-out/>
</testsuite> <!-- tests.SearchPageTest -->
