<?xml version="1.0" encoding="UTF-8"?>
<!-- Generated by org.testng.reporters.JUnitReportReporter -->
<testsuite hostname="IgNOrEs-iMac.local" failures="0" tests="4" name="tests.AddReviewPageTest" time="0.000" errors="0" timestamp="2022-09-03T19:28:19 EEST" skipped="4">
  <testcase classname="tests.AddReviewPageTest" name="testRegistrationPage" time="0.000">
    <skipped/>
  </testcase> <!-- testRegistrationPage -->
  <system-out/>
  <testcase classname="tests.AddReviewPageTest" name="searchForItem" time="0.000">
    <skipped/>
  </testcase> <!-- searchForItem -->
  <system-out/>
  <testcase classname="tests.AddReviewPageTest" name="addProductReview" time="0.000">
    <skipped/>
  </testcase> <!-- addProductReview -->
  <system-out/>
  <testcase classname="tests.AddReviewPageTest" name="testClickingLogout" time="0.000">
    <skipped/>
  </testcase> <!-- testClickingLogout -->
  <system-out/>
</testsuite> <!-- tests.AddReviewPageTest -->
