<?xml version="1.0" encoding="UTF-8"?>
<!-- Generated by org.testng.reporters.JUnitReportReporter -->
<testsuite hostname="IgNOrEs-iMac.local" failures="0" tests="4" name="tests.AddToCartPageTest" time="0.000" errors="0" timestamp="2022-09-03T19:28:19 EEST" skipped="4">
  <testcase classname="tests.AddToCartPageTest" name="searchForItemAndAddItToCart" time="0.000">
    <skipped/>
  </testcase> <!-- searchForItemAndAddItToCart -->
  <system-out/>
  <testcase classname="tests.AddToCartPageTest" name="userCanAddToCart" time="0.000">
    <skipped/>
  </testcase> <!-- userCanAddToCart -->
  <system-out/>
  <testcase classname="tests.AddToCartPageTest" name="userCanChangeQuantity" time="0.000">
    <skipped/>
  </testcase> <!-- userCanChangeQuantity -->
  <system-out/>
  <testcase classname="tests.AddToCartPageTest" name="userCanClearCart" time="0.000">
    <skipped/>
  </testcase> <!-- userCanClearCart -->
  <system-out/>
</testsuite> <!-- tests.AddToCartPageTest -->
