<?xml version="1.0" encoding="UTF-8"?>
<!-- Generated by org.testng.reporters.JUnitReportReporter -->
<testsuite hostname="IgNOrEs-iMac.local" failures="0" tests="1" name="tests.ContactUsPageTest" time="2.483" errors="0" timestamp="2022-10-03T21:52:43 EEST" skipped="0">
  <testcase classname="tests.ContactUsPageTest" name="fillContactUsForm" time="2.483"/>
  <system-out/>
</testsuite> <!-- tests.ContactUsPageTest -->
